11:05:2023  15:47:32 [main] INFO  LogUtility:9 - browser started sucessfully
11:05:2023  15:47:37 [main] INFO  LogUtility:9 - url is opened
11:05:2023  15:59:18 [main] INFO  LogUtility:9 - Test-Report-11.05.2023.15.59.18.htmlReport generating started
11:05:2023  15:59:20 [main] INFO  LogUtility:9 - browser started sucessfully
11:05:2023  15:59:27 [main] INFO  LogUtility:9 - url is opened
11:05:2023  15:59:27 [main] INFO  LogUtility:9 - loginTestTest case started
11:05:2023  15:59:28 [main] INFO  LogUtility:12 - loginTestTest case excuted sucessfully
11:05:2023  15:59:28 [main] INFO  LogUtility:9 - homePageTestTest case started
11:05:2023  15:59:33 [main] INFO  LogUtility:12 - homePageTestTest case excuted sucessfully
11:05:2023  16:05:21 [main] INFO  LogUtility:9 - Test-Report-11.05.2023.16.05.21.htmlReport generating started
11:05:2023  16:05:22 [main] INFO  LogUtility:9 - browser started sucessfully
11:05:2023  16:05:28 [main] INFO  LogUtility:9 - url is opened
11:05:2023  16:05:28 [main] INFO  LogUtility:9 - loginTestTest case started
11:05:2023  16:05:31 [main] INFO  LogUtility:12 - loginTestTest case executed sucessfully
11:05:2023  16:05:31 [main] INFO  LogUtility:9 - homePageTestTest case started
11:05:2023  16:05:34 [main] INFO  LogUtility:12 - homePageTestTest case executed sucessfully
11:05:2023  16:05:35 [main] INFO  LogUtility:9 - Report generated sucessfully
11:05:2023  16:05:35 [main] INFO  LogUtility:9 - ----------------------------------------------------------------------------
11:05:2023  16:08:04 [main] INFO  LogUtility:9 - Test-Report-11.05.2023.16.08.04.htmlReport generating started
11:05:2023  16:08:06 [main] INFO  LogUtility:9 - browser started sucessfully
11:05:2023  16:08:11 [main] INFO  LogUtility:9 - url is opened
11:05:2023  16:08:12 [main] INFO  LogUtility:9 - loginTestTest case started
11:05:2023  16:08:14 [main] INFO  LogUtility:12 - loginTestTest case executed sucessfully
11:05:2023  16:08:14 [main] INFO  LogUtility:9 - homePageTestTest case started
11:05:2023  16:08:18 [main] INFO  LogUtility:12 - homePageTestTest case executed sucessfully
11:05:2023  16:08:19 [main] INFO  LogUtility:9 - Report generated sucessfully
11:05:2023  16:08:19 [main] INFO  LogUtility:9 - ----------------------------------------------------------------------------
11:05:2023  16:15:40 [main] INFO  LogUtility:9 - Test-Report-11.05.2023.16.15.40.html-> Report generating started
11:05:2023  16:15:42 [main] INFO  LogUtility:9 - Chrome browser started sucessfully
11:05:2023  16:16:08 [main] INFO  LogUtility:9 - https://opensource-demo.orangehrmlive.com/-> Url is opened
11:05:2023  16:16:08 [main] INFO  LogUtility:9 - loginTest-> Test case started
11:05:2023  16:16:21 [main] INFO  LogUtility:12 - loginTest-> Test case executed sucessfully
11:05:2023  16:16:21 [main] INFO  LogUtility:9 - homePageTest-> Test case started
11:05:2023  16:16:41 [main] INFO  LogUtility:12 - homePageTest-> Test case executed sucessfully
11:05:2023  16:16:41 [main] INFO  LogUtility:9 - Browser quit sucessfully
11:05:2023  16:16:41 [main] INFO  LogUtility:9 - -> Report generated sucessfully
11:05:2023  16:16:41 [main] INFO  LogUtility:9 - ----------------------------------------------------------------------------
11:05:2023  16:26:07 [main] INFO  LogUtility:9 - Test-Report-11.05.2023.16.26.07.html-> Report generating started
11:05:2023  16:26:08 [main] INFO  LogUtility:9 - Chrome browser started sucessfully
11:05:2023  16:26:22 [main] INFO  LogUtility:9 - Url is opened
11:05:2023  16:26:22 [main] INFO  LogUtility:9 - loginTest-> Test case started
11:05:2023  16:26:25 [main] INFO  LogUtility:12 - loginTest-> Test case executed sucessfully
11:05:2023  16:26:25 [main] INFO  LogUtility:9 - homePageTest-> Test case started
11:05:2023  16:26:28 [main] INFO  LogUtility:12 - homePageTest-> Test case executed sucessfully
11:05:2023  16:26:28 [main] INFO  LogUtility:9 - Browser quit sucessfully
11:05:2023  16:26:29 [main] INFO  LogUtility:9 - -> Report generated sucessfully
11:05:2023  16:26:29 [main] INFO  LogUtility:9 - ----------------------------------------------------------------------------
11:05:2023  17:46:47 [TestNG-tests-1] INFO  LogUtility:9 - Test-Report-11.05.2023.17.46.47.html-> Report generating started
11:05:2023  17:46:47 [TestNG-tests-2] INFO  LogUtility:9 - Test-Report-11.05.2023.17.46.47.html-> Report generating started
11:05:2023  17:46:51 [TestNG-tests-1] INFO  LogUtility:9 - Chrome browser started sucessfully
11:05:2023  17:46:51 [TestNG-tests-2] INFO  LogUtility:9 - Edge browser started sucessfully
11:05:2023  17:46:55 [TestNG-tests-1] INFO  LogUtility:9 - Url is opened
11:05:2023  17:46:56 [TestNG-tests-2] INFO  LogUtility:9 - Url is opened
11:05:2023  17:46:56 [TestNG-tests-2] INFO  LogUtility:9 - loginTest-> Test case started
11:05:2023  17:46:56 [TestNG-tests-1] INFO  LogUtility:9 - loginTest-> Test case started
11:05:2023  17:46:57 [TestNG-tests-1] INFO  LogUtility:12 - loginTest-> Test case executed sucessfully
11:05:2023  17:46:59 [TestNG-tests-2] ERROR LogUtility:15 - loginTest-> Test case failed
11:05:2023  17:46:59 [TestNG-tests-1] INFO  LogUtility:9 - Browser quit sucessfully
11:05:2023  17:46:59 [TestNG-tests-2] ERROR LogUtility:15 - loginTest-> Test case failed
11:05:2023  17:47:00 [TestNG-tests-2] INFO  LogUtility:9 - -> Report generated sucessfully
11:05:2023  17:47:00 [TestNG-tests-2] INFO  LogUtility:9 - ----------------------------------------------------------------------------
11:05:2023  17:47:00 [TestNG-tests-1] INFO  LogUtility:9 - -> Report generated sucessfully
11:05:2023  17:47:00 [TestNG-tests-1] INFO  LogUtility:9 - ----------------------------------------------------------------------------
11:05:2023  17:53:19 [main] INFO  LogUtility:9 - Test-Report-11.05.2023.17.53.19.html-> Report generating started
11:05:2023  17:53:22 [main] INFO  LogUtility:9 - Chrome browser started sucessfully
11:05:2023  17:53:28 [main] INFO  LogUtility:9 - Url is opened
11:05:2023  17:53:28 [main] INFO  LogUtility:9 - loginTest-> Test case started
11:05:2023  17:53:30 [main] INFO  LogUtility:12 - loginTest-> Test case executed sucessfully
11:05:2023  17:53:30 [main] INFO  LogUtility:9 - homePageTest-> Test case started
11:05:2023  17:53:30 [main] ERROR LogUtility:15 - homePageTest-> Test case failed
11:05:2023  17:53:31 [main] INFO  LogUtility:9 - Browser quit sucessfully
11:05:2023  17:53:31 [main] INFO  LogUtility:9 - -> Report generated sucessfully
11:05:2023  17:53:31 [main] INFO  LogUtility:9 - ----------------------------------------------------------------------------
12:05:2023  09:57:27 [TestNG-tests-1] INFO  LogUtility:9 - Test-Report-12.05.2023.09.57.27.html-> Report generating started
12:05:2023  09:57:27 [TestNG-tests-2] INFO  LogUtility:9 - Test-Report-12.05.2023.09.57.27.html-> Report generating started
12:05:2023  09:57:31 [TestNG-tests-2] INFO  LogUtility:9 - Edge browser started sucessfully
12:05:2023  09:57:31 [TestNG-tests-1] INFO  LogUtility:9 - Chrome browser started sucessfully
12:05:2023  09:57:35 [TestNG-tests-2] INFO  LogUtility:9 - Url is opened
12:05:2023  09:57:36 [TestNG-tests-1] INFO  LogUtility:9 - Url is opened
12:05:2023  09:57:36 [TestNG-tests-1] INFO  LogUtility:9 - loginTest-> Test case started
12:05:2023  09:57:36 [TestNG-tests-2] INFO  LogUtility:9 - loginTest-> Test case started
12:05:2023  09:57:38 [TestNG-tests-1] INFO  LogUtility:12 - loginTest-> Test case executed sucessfully
12:05:2023  09:57:38 [TestNG-tests-2] ERROR LogUtility:15 - loginTest-> Test case failed
12:05:2023  09:57:38 [TestNG-tests-1] INFO  LogUtility:9 - Browser quit sucessfully
12:05:2023  09:57:38 [TestNG-tests-2] ERROR LogUtility:15 - loginTest-> Test case failed
12:05:2023  09:57:39 [TestNG-tests-1] INFO  LogUtility:9 - -> Report generated sucessfully
12:05:2023  09:57:39 [TestNG-tests-1] INFO  LogUtility:9 - ----------------------------------------------------------------------------
12:05:2023  09:57:39 [TestNG-tests-2] INFO  LogUtility:9 - -> Report generated sucessfully
12:05:2023  09:57:39 [TestNG-tests-2] INFO  LogUtility:9 - ----------------------------------------------------------------------------
12:05:2023  10:00:13 [main] INFO  LogUtility:9 - Test-Report-12.05.2023.10.00.13.html-> Report generating started
12:05:2023  10:00:15 [main] INFO  LogUtility:9 - Chrome browser started sucessfully
12:05:2023  10:00:20 [main] INFO  LogUtility:9 - Url is opened
12:05:2023  10:00:20 [main] INFO  LogUtility:9 - loginTest-> Test case started
12:05:2023  10:00:22 [main] INFO  LogUtility:12 - loginTest-> Test case executed sucessfully
12:05:2023  10:00:22 [main] INFO  LogUtility:9 - homePageTest-> Test case started
12:05:2023  10:00:25 [main] INFO  LogUtility:12 - homePageTest-> Test case executed sucessfully
12:05:2023  10:00:25 [main] INFO  LogUtility:9 - Browser quit sucessfully
12:05:2023  10:00:26 [main] INFO  LogUtility:9 - -> Report generated sucessfully
12:05:2023  10:00:26 [main] INFO  LogUtility:9 - ----------------------------------------------------------------------------
12:05:2023  10:09:24 [main] INFO  LogUtility:9 - Test-Report-12.05.2023.10.09.24.html-> Report generating started
12:05:2023  10:09:26 [main] INFO  LogUtility:9 - Chrome browser started sucessfully
12:05:2023  10:09:31 [main] INFO  LogUtility:9 - Url is opened
12:05:2023  10:09:31 [main] INFO  LogUtility:9 - loginTest-> Test case started
12:05:2023  10:09:34 [main] INFO  LogUtility:12 - loginTest-> Test case executed sucessfully
12:05:2023  10:09:34 [main] INFO  LogUtility:9 - homePageTest-> Test case started
12:05:2023  10:09:36 [main] INFO  LogUtility:12 - homePageTest-> Test case executed sucessfully
12:05:2023  10:09:36 [main] INFO  LogUtility:9 - Browser quit sucessfully
12:05:2023  10:09:37 [main] INFO  LogUtility:9 - -> Report generated sucessfully
12:05:2023  10:09:37 [main] INFO  LogUtility:9 - ----------------------------------------------------------------------------
12:05:2023  14:23:44 [main] INFO  LogUtility:9 - Test-Report-12.05.2023.14.23.44.html-> Report generating started
12:05:2023  14:23:48 [main] INFO  LogUtility:9 - Chrome browser started sucessfully
12:05:2023  14:23:51 [main] INFO  LogUtility:9 - Url is opened
12:05:2023  14:23:52 [main] INFO  LogUtility:9 - loginTest-> Test case started
12:05:2023  14:23:52 [main] INFO  LogUtility:12 - loginTest-> Test case executed sucessfully
12:05:2023  14:23:52 [main] INFO  LogUtility:9 - homePageTest-> Test case started
12:05:2023  14:23:56 [main] INFO  LogUtility:12 - homePageTest-> Test case executed sucessfully
12:05:2023  14:23:56 [main] INFO  LogUtility:9 - Browser quit sucessfully
12:05:2023  14:23:57 [main] INFO  LogUtility:9 - -> Report generated sucessfully
12:05:2023  14:23:57 [main] INFO  LogUtility:9 - ----------------------------------------------------------------------------
14:05:2023  10:50:18 [main] INFO  LogUtility:9 - Test-Report-14.05.2023.10.50.18.html-> Report generating started
14:05:2023  10:50:22 [main] INFO  LogUtility:9 - Chrome browser started sucessfully
14:05:2023  10:50:34 [main] INFO  LogUtility:9 - Url is opened
14:05:2023  10:50:34 [main] INFO  LogUtility:9 - loginTest-> Test case started
14:05:2023  10:50:35 [main] INFO  LogUtility:12 - loginTest-> Test case executed sucessfully
14:05:2023  10:50:35 [main] INFO  LogUtility:9 - Browser quit sucessfully
14:05:2023  10:50:36 [main] INFO  LogUtility:9 - Chrome browser started sucessfully
14:05:2023  10:50:53 [main] INFO  LogUtility:9 - Url is opened
14:05:2023  10:50:53 [main] INFO  LogUtility:9 - homePageTest-> Test case started
14:05:2023  10:51:04 [main] ERROR LogUtility:15 - homePageTest-> Test case failed
14:05:2023  10:51:04 [main] INFO  LogUtility:9 - Browser quit sucessfully
14:05:2023  10:51:05 [main] INFO  LogUtility:9 - -> Report generated sucessfully
14:05:2023  10:51:05 [main] INFO  LogUtility:9 - ----------------------------------------------------------------------------
14:05:2023  10:55:45 [main] INFO  LogUtility:9 - Test-Report-14.05.2023.10.55.45.html-> Report generating started
14:05:2023  10:55:47 [main] INFO  LogUtility:9 - Chrome browser started sucessfully
14:05:2023  10:55:58 [main] INFO  LogUtility:9 - Url is opened
14:05:2023  10:55:58 [main] INFO  LogUtility:9 - loginTest-> Test case started
14:05:2023  10:56:01 [main] INFO  LogUtility:12 - loginTest-> Test case executed sucessfully
14:05:2023  10:56:01 [main] INFO  LogUtility:9 - Browser quit sucessfully
14:05:2023  10:56:02 [main] INFO  LogUtility:9 - Chrome browser started sucessfully
14:05:2023  10:56:11 [main] INFO  LogUtility:9 - Url is opened
14:05:2023  10:56:11 [main] INFO  LogUtility:9 - homePageTest-> Test case started
14:05:2023  10:56:17 [main] INFO  LogUtility:12 - homePageTest-> Test case executed sucessfully
14:05:2023  10:56:18 [main] INFO  LogUtility:9 - Browser quit sucessfully
14:05:2023  10:56:18 [main] INFO  LogUtility:9 - -> Report generated sucessfully
14:05:2023  10:56:18 [main] INFO  LogUtility:9 - ----------------------------------------------------------------------------
14:05:2023  10:58:01 [main] INFO  LogUtility:9 - Test-Report-14.05.2023.10.58.01.html-> Report generating started
14:05:2023  10:58:03 [main] INFO  LogUtility:9 - Chrome browser started sucessfully
14:05:2023  10:58:15 [main] INFO  LogUtility:9 - Url is opened
14:05:2023  10:58:16 [main] INFO  LogUtility:9 - loginTest-> Test case started
14:05:2023  10:58:17 [main] INFO  LogUtility:12 - loginTest-> Test case executed sucessfully
14:05:2023  10:58:17 [main] INFO  LogUtility:9 - Browser quit sucessfully
14:05:2023  10:58:18 [main] INFO  LogUtility:9 - Chrome browser started sucessfully
14:05:2023  10:58:30 [main] INFO  LogUtility:9 - Url is opened
14:05:2023  10:58:30 [main] INFO  LogUtility:9 - homePageTest-> Test case started
14:05:2023  10:58:40 [main] ERROR LogUtility:15 - homePageTest-> Test case failed
14:05:2023  10:58:40 [main] INFO  LogUtility:9 - loginTest-> Test case started
14:05:2023  10:58:42 [main] INFO  LogUtility:12 - loginTest-> Test case executed sucessfully
14:05:2023  10:58:42 [main] INFO  LogUtility:9 - Browser quit sucessfully
14:05:2023  10:58:43 [main] INFO  LogUtility:9 - -> Report generated sucessfully
14:05:2023  10:58:43 [main] INFO  LogUtility:9 - ----------------------------------------------------------------------------
14:05:2023  10:59:46 [main] INFO  LogUtility:9 - Test-Report-14.05.2023.10.59.46.html-> Report generating started
14:05:2023  10:59:48 [main] INFO  LogUtility:9 - Chrome browser started sucessfully
14:05:2023  11:00:00 [main] INFO  LogUtility:9 - Url is opened
14:05:2023  11:00:00 [main] INFO  LogUtility:9 - loginTest-> Test case started
14:05:2023  11:00:01 [main] INFO  LogUtility:12 - loginTest-> Test case executed sucessfully
14:05:2023  11:00:01 [main] INFO  LogUtility:9 - Browser quit sucessfully
14:05:2023  11:00:02 [main] INFO  LogUtility:9 - Chrome browser started sucessfully
14:05:2023  11:00:14 [main] INFO  LogUtility:9 - Url is opened
14:05:2023  11:00:14 [main] INFO  LogUtility:9 - homePageTest-> Test case started
14:05:2023  11:00:25 [main] ERROR LogUtility:15 - homePageTest-> Test case failed
14:05:2023  11:00:25 [main] INFO  LogUtility:9 - loginTest-> Test case started
14:05:2023  11:00:27 [main] INFO  LogUtility:12 - loginTest-> Test case executed sucessfully
14:05:2023  11:00:27 [main] INFO  LogUtility:9 - Browser quit sucessfully
14:05:2023  11:00:28 [main] INFO  LogUtility:9 - -> Report generated sucessfully
14:05:2023  11:00:28 [main] INFO  LogUtility:9 - ----------------------------------------------------------------------------
14:05:2023  11:11:19 [main] INFO  LogUtility:9 - Test-Report-14.05.2023.11.11.19.html-> Report generating started
14:05:2023  11:11:21 [main] INFO  LogUtility:9 - Chrome browser started sucessfully
14:05:2023  11:11:33 [main] INFO  LogUtility:9 - Url is opened
14:05:2023  11:11:33 [main] INFO  LogUtility:9 - loginTest-> Test case started
14:05:2023  11:11:34 [main] INFO  LogUtility:12 - loginTest-> Test case executed sucessfully
14:05:2023  11:11:34 [main] INFO  LogUtility:9 - Browser quit sucessfully
14:05:2023  11:11:35 [main] INFO  LogUtility:9 - Chrome browser started sucessfully
14:05:2023  11:11:49 [main] INFO  LogUtility:9 - Url is opened
14:05:2023  11:11:49 [main] INFO  LogUtility:9 - homePageTest-> Test case started
14:05:2023  11:11:55 [main] INFO  LogUtility:12 - homePageTest-> Test case executed sucessfully
14:05:2023  11:11:55 [main] INFO  LogUtility:9 - loginTest-> Test case started
14:05:2023  11:12:05 [main] ERROR LogUtility:15 - loginTest-> Test case failed
14:05:2023  11:12:05 [main] INFO  LogUtility:9 - Browser quit sucessfully
14:05:2023  11:12:06 [main] INFO  LogUtility:9 - -> Report generated sucessfully
14:05:2023  11:12:06 [main] INFO  LogUtility:9 - ----------------------------------------------------------------------------
14:05:2023  11:14:20 [main] INFO  LogUtility:9 - Test-Report-14.05.2023.11.14.20.html-> Report generating started
14:05:2023  11:14:22 [main] INFO  LogUtility:9 - Chrome browser started sucessfully
14:05:2023  11:14:37 [main] INFO  LogUtility:9 - Url is opened
14:05:2023  11:14:37 [main] INFO  LogUtility:9 - loginTest-> Test case started
14:05:2023  11:14:38 [main] INFO  LogUtility:12 - loginTest-> Test case executed sucessfully
14:05:2023  11:14:39 [main] INFO  LogUtility:9 - Browser quit sucessfully
14:05:2023  11:14:40 [main] INFO  LogUtility:9 - Chrome browser started sucessfully
14:05:2023  11:14:58 [main] INFO  LogUtility:9 - Url is opened
14:05:2023  11:14:58 [main] INFO  LogUtility:9 - homePageTest-> Test case started
14:05:2023  11:15:04 [main] INFO  LogUtility:12 - homePageTest-> Test case executed sucessfully
14:05:2023  11:15:04 [main] INFO  LogUtility:9 - Browser quit sucessfully
14:05:2023  11:15:04 [main] INFO  LogUtility:9 - -> Report generated sucessfully
14:05:2023  11:15:04 [main] INFO  LogUtility:9 - ----------------------------------------------------------------------------
14:05:2023  11:20:59 [main] INFO  LogUtility:9 - Test-Report-14.05.2023.11.20.59.html-> Report generating started
14:05:2023  11:21:01 [main] INFO  LogUtility:9 - Chrome browser started sucessfully
14:05:2023  11:21:11 [main] INFO  LogUtility:9 - Url is opened
14:05:2023  11:21:11 [main] INFO  LogUtility:9 - loginTest-> Test case started
14:05:2023  11:21:12 [main] INFO  LogUtility:12 - loginTest-> Test case executed sucessfully
14:05:2023  11:21:12 [main] INFO  LogUtility:9 - Browser quit sucessfully
14:05:2023  11:21:13 [main] INFO  LogUtility:9 - Chrome browser started sucessfully
14:05:2023  11:21:29 [main] INFO  LogUtility:9 - Url is opened
14:05:2023  11:21:29 [main] INFO  LogUtility:9 - homePageTest-> Test case started
14:05:2023  11:21:32 [main] ERROR LogUtility:15 - homePageTest-> Test case failed
14:05:2023  11:21:32 [main] INFO  LogUtility:9 - Browser quit sucessfully
14:05:2023  11:21:33 [main] INFO  LogUtility:9 - -> Report generated sucessfully
14:05:2023  11:21:33 [main] INFO  LogUtility:9 - ----------------------------------------------------------------------------
14:05:2023  11:25:11 [main] INFO  LogUtility:9 - Test-Report-14.05.2023.11.25.11.html-> Report generating started
14:05:2023  11:25:13 [main] INFO  LogUtility:9 - Chrome browser started sucessfully
14:05:2023  11:25:29 [main] INFO  LogUtility:9 - Url is opened
14:05:2023  11:25:29 [main] INFO  LogUtility:9 - loginTest-> Test case started
14:05:2023  11:25:32 [main] INFO  LogUtility:12 - loginTest-> Test case executed sucessfully
14:05:2023  11:25:32 [main] INFO  LogUtility:9 - Browser quit sucessfully
14:05:2023  11:25:33 [main] INFO  LogUtility:9 - Chrome browser started sucessfully
14:05:2023  11:25:42 [main] INFO  LogUtility:9 - Url is opened
14:05:2023  11:25:42 [main] INFO  LogUtility:9 - homePageTest-> Test case started
14:05:2023  11:25:47 [main] ERROR LogUtility:15 - homePageTest-> Test case failed
14:05:2023  11:25:47 [main] INFO  LogUtility:9 - Browser quit sucessfully
14:05:2023  11:25:48 [main] INFO  LogUtility:9 - -> Report generated sucessfully
14:05:2023  11:25:48 [main] INFO  LogUtility:9 - ----------------------------------------------------------------------------
14:05:2023  11:28:51 [main] INFO  LogUtility:9 - Test-Report-14.05.2023.11.28.51.html-> Report generating started
14:05:2023  11:28:53 [main] INFO  LogUtility:9 - Chrome browser started sucessfully
14:05:2023  11:29:04 [main] INFO  LogUtility:9 - Url is opened
14:05:2023  11:29:04 [main] INFO  LogUtility:9 - loginTest-> Test case started
14:05:2023  11:29:05 [main] INFO  LogUtility:12 - loginTest-> Test case executed sucessfully
14:05:2023  11:29:05 [main] INFO  LogUtility:9 - Browser quit sucessfully
14:05:2023  11:29:06 [main] INFO  LogUtility:9 - Chrome browser started sucessfully
14:05:2023  11:29:21 [main] INFO  LogUtility:9 - Url is opened
14:05:2023  11:29:21 [main] INFO  LogUtility:9 - homePageTest-> Test case started
14:05:2023  11:29:27 [main] INFO  LogUtility:12 - homePageTest-> Test case executed sucessfully
14:05:2023  11:29:27 [main] INFO  LogUtility:9 - Browser quit sucessfully
14:05:2023  11:29:27 [main] INFO  LogUtility:9 - -> Report generated sucessfully
14:05:2023  11:29:27 [main] INFO  LogUtility:9 - ----------------------------------------------------------------------------
14:05:2023  11:30:34 [TestNG-tests-2] INFO  LogUtility:9 - Test-Report-14.05.2023.11.30.34.html-> Report generating started
14:05:2023  11:30:34 [TestNG-tests-1] INFO  LogUtility:9 - Test-Report-14.05.2023.11.30.34.html-> Report generating started
14:05:2023  11:30:37 [TestNG-tests-1] INFO  LogUtility:9 - Chrome browser started sucessfully
14:05:2023  11:30:41 [TestNG-tests-2] INFO  LogUtility:9 - Edge browser started sucessfully
14:05:2023  11:30:44 [TestNG-tests-1] INFO  LogUtility:9 - Url is opened
14:05:2023  11:30:48 [TestNG-tests-2] INFO  LogUtility:9 - Url is opened
14:05:2023  11:30:48 [TestNG-tests-1] INFO  LogUtility:9 - loginTest-> Test case started
14:05:2023  11:30:48 [TestNG-tests-2] INFO  LogUtility:9 - loginTest-> Test case started
14:05:2023  11:30:50 [TestNG-tests-2] ERROR LogUtility:15 - loginTest-> Test case failed
14:05:2023  11:30:50 [TestNG-tests-1] INFO  LogUtility:12 - loginTest-> Test case executed sucessfully
14:05:2023  11:30:50 [TestNG-tests-1] INFO  LogUtility:9 - Browser quit sucessfully
14:05:2023  11:30:50 [TestNG-tests-2] ERROR LogUtility:15 - loginTest-> Test case failed
14:05:2023  11:30:51 [TestNG-tests-1] INFO  LogUtility:9 - -> Report generated sucessfully
14:05:2023  11:30:51 [TestNG-tests-1] INFO  LogUtility:9 - ----------------------------------------------------------------------------
14:05:2023  11:30:51 [TestNG-tests-2] INFO  LogUtility:9 - -> Report generated sucessfully
14:05:2023  11:30:51 [TestNG-tests-2] INFO  LogUtility:9 - ----------------------------------------------------------------------------
15:05:2023  10:35:26 [main] INFO  LogUtility:9 - Test-Report-15.05.2023.10.35.26.html-> Report generating started
15:05:2023  10:35:30 [main] INFO  LogUtility:9 - Chrome browser started sucessfully
15:05:2023  10:35:36 [main] INFO  LogUtility:9 - Url is opened
15:05:2023  10:35:36 [main] INFO  LogUtility:9 - loginTest-> Test case started
15:05:2023  10:35:37 [main] INFO  LogUtility:12 - loginTest-> Test case executed sucessfully
15:05:2023  10:35:38 [main] INFO  LogUtility:9 - Browser quit sucessfully
15:05:2023  10:35:38 [main] INFO  LogUtility:9 - Chrome browser started sucessfully
15:05:2023  10:35:44 [main] INFO  LogUtility:9 - Url is opened
15:05:2023  10:35:44 [main] INFO  LogUtility:9 - homePageTest-> Test case started
15:05:2023  10:35:49 [main] INFO  LogUtility:12 - homePageTest-> Test case executed sucessfully
15:05:2023  10:35:49 [main] INFO  LogUtility:9 - Browser quit sucessfully
15:05:2023  10:35:50 [main] INFO  LogUtility:9 - -> Report generated sucessfully
15:05:2023  10:35:50 [main] INFO  LogUtility:9 - ----------------------------------------------------------------------------
15:05:2023  10:38:14 [main] INFO  LogUtility:9 - Test-Report-15.05.2023.10.38.14.html-> Report generating started
15:05:2023  10:38:17 [main] INFO  LogUtility:9 - Chrome browser started sucessfully
15:05:2023  10:38:21 [main] INFO  LogUtility:9 - Url is opened
15:05:2023  10:38:22 [main] INFO  LogUtility:9 - loginTest-> Test case started
15:05:2023  10:38:23 [main] INFO  LogUtility:12 - loginTest-> Test case executed sucessfully
15:05:2023  10:38:23 [main] INFO  LogUtility:9 - Browser quit sucessfully
15:05:2023  10:38:24 [main] INFO  LogUtility:9 - Chrome browser started sucessfully
15:05:2023  10:38:29 [main] INFO  LogUtility:9 - Url is opened
15:05:2023  10:38:30 [main] INFO  LogUtility:9 - homePageTest-> Test case started
15:05:2023  10:38:35 [main] INFO  LogUtility:12 - homePageTest-> Test case executed sucessfully
15:05:2023  10:38:35 [main] INFO  LogUtility:9 - Browser quit sucessfully
15:05:2023  10:38:35 [main] INFO  LogUtility:9 - -> Report generated sucessfully
15:05:2023  10:38:35 [main] INFO  LogUtility:9 - ----------------------------------------------------------------------------
15:05:2023  13:53:25 [main] INFO  LogUtility:9 - Test-Report-15.05.2023.13.53.25.html-> Report generating started
15:05:2023  13:53:27 [main] INFO  LogUtility:9 - Chrome browser started sucessfully
15:05:2023  13:53:32 [main] INFO  LogUtility:9 - Url is opened
15:05:2023  13:53:32 [main] INFO  LogUtility:9 - homePageTest-> Test case started
15:05:2023  13:53:52 [main] ERROR LogUtility:15 - homePageTest-> Test case failed
15:05:2023  13:53:52 [main] INFO  LogUtility:9 - loginTest-> Test case started
15:05:2023  13:53:53 [main] INFO  LogUtility:12 - loginTest-> Test case executed sucessfully
15:05:2023  13:53:53 [main] INFO  LogUtility:9 - Browser quit sucessfully
15:05:2023  13:53:54 [main] INFO  LogUtility:9 - -> Report generated sucessfully
15:05:2023  13:53:54 [main] INFO  LogUtility:9 - ----------------------------------------------------------------------------
15:05:2023  13:54:54 [main] INFO  LogUtility:9 - Test-Report-15.05.2023.13.54.54.html-> Report generating started
15:05:2023  13:54:56 [main] INFO  LogUtility:9 - Chrome browser started sucessfully
15:05:2023  13:55:01 [main] INFO  LogUtility:9 - Url is opened
15:05:2023  13:55:01 [main] INFO  LogUtility:9 - loginTest-> Test case started
15:05:2023  13:55:03 [main] INFO  LogUtility:12 - loginTest-> Test case executed sucessfully
15:05:2023  13:55:03 [main] INFO  LogUtility:9 - Browser quit sucessfully
15:05:2023  13:55:04 [main] INFO  LogUtility:9 - Chrome browser started sucessfully
15:05:2023  13:55:13 [main] INFO  LogUtility:9 - Url is opened
15:05:2023  13:55:13 [main] INFO  LogUtility:9 - homePageTest-> Test case started
15:05:2023  13:55:34 [main] ERROR LogUtility:15 - homePageTest-> Test case failed
15:05:2023  13:55:34 [main] INFO  LogUtility:9 - loginTest-> Test case started
15:05:2023  13:55:36 [main] INFO  LogUtility:12 - loginTest-> Test case executed sucessfully
15:05:2023  13:55:36 [main] INFO  LogUtility:9 - Browser quit sucessfully
15:05:2023  13:55:36 [main] INFO  LogUtility:9 - -> Report generated sucessfully
15:05:2023  13:55:36 [main] INFO  LogUtility:9 - ----------------------------------------------------------------------------
