#
# A fatal error has been detected by the Java Runtime Environment:
#
#  EXCEPTION_ACCESS_VIOLATION (0xc0000005) at pc=0x000001c067d20033, pid=10472, tid=26228
#
# JRE version: OpenJDK Runtime Environment Temurin-17.0.6+10 (17.0.6+10) (build 17.0.6+10)
# Java VM: OpenJDK 64-Bit Server VM Temurin-17.0.6+10 (17.0.6+10, mixed mode, tiered, compressed oops, compressed class ptrs, g1 gc, windows-amd64)
# Problematic frame:
# J 414 c1 java.lang.ref.PhantomReference.<init>(Ljava/lang/Object;Ljava/lang/ref/ReferenceQueue;)V java.base@17.0.6 (7 bytes) @ 0x000001c067d20033 [0x000001c067d1ffc0+0x0000000000000073]
#
# No core dump will be written. Minidumps are not enabled by default on client versions of Windows
#
# If you would like to submit a bug report, please visit:
#   https://github.com/adoptium/adoptium-support/issues
#

---------------  S U M M A R Y ------------

Command Line: -ea -Dfile.encoding=UTF-8 -XX:+ShowCodeDetailsInExceptionMessages org.testng.remote.RemoteTestNG -serport 52049 -protocol json -d C:\Users\ImranMohd-Kairos\EclipseFolder\Hybridframework\test-output C:\Users\ImranMohd-Kairos\EclipseFolder\Hybridframework\testng.xml

Host: 11th Gen Intel(R) Core(TM) i5-1135G7 @ 2.40GHz, 8 cores, 15G,  Windows 11 , 64 bit Build 22621 (10.0.22621.1635)
Time: Tue May  9 21:35:27 2023 India Standard Time elapsed time: 22.212436 seconds (0d 0h 0m 22s)

---------------  T H R E A D  ---------------

Current thread (0x000001c07fc8be20):  JavaThread "Finalizer" daemon [_thread_in_Java, id=26228, stack(0x0000009bb1500000,0x0000009bb1600000)]

Stack: [0x0000009bb1500000,0x0000009bb1600000],  sp=0x0000009bb15fe9b0,  free space=1018k
Native frames: (J=compiled Java code, j=interpreted, Vv=VM code, C=native code)
C  0x000001c067d20033


siginfo: EXCEPTION_ACCESS_VIOLATION (0xc0000005), reading address 0x000001c0a39e7bfc


Register to memory mapping:

RIP=0x000001c067d20033 is at entry_point+115 in (nmethod*)0x000001c067d1fe10
RAX={method} {0x000001c07f440c88} '<init>' '(Ljava/lang/Object;Ljava/lang/ref/ReferenceQueue;)V' in 'java/lang/ref/PhantomReference'
RBX={method} {0x000001c07f440c88} '<init>' '(Ljava/lang/Object;Ljava/lang/ref/ReferenceQueue;)V' in 'java/lang/ref/PhantomReference'
RCX=0x00000007144b3d48 is an oop: jdk.internal.ref.Cleaner 
{0x00000007144b3d48} - klass: 'jdk/internal/ref/Cleaner'
 - ---- fields (total size 5 words):
 - private 'referent' 'Ljava/lang/Object;' @12  NULL (0)
 - volatile 'queue' 'Ljava/lang/ref/ReferenceQueue;' @16  NULL (0)
 - volatile 'next' 'Ljava/lang/ref/Reference;' @20  NULL (0)
 - private transient 'discovered' 'Ljava/lang/ref/Reference;' @24  NULL (0)
 - private 'next' 'Ljdk/internal/ref/Cleaner;' @28  NULL (0)
 - private 'prev' 'Ljdk/internal/ref/Cleaner;' @32  NULL (0)
 - private final 'thunk' 'Ljava/lang/Runnable;' @36  NULL (0)
RDX=0x00000007144b3d48 is an oop: jdk.internal.ref.Cleaner 
{0x00000007144b3d48} - klass: 'jdk/internal/ref/Cleaner'
 - ---- fields (total size 5 words):
 - private 'referent' 'Ljava/lang/Object;' @12  NULL (0)
 - volatile 'queue' 'Ljava/lang/ref/ReferenceQueue;' @16  NULL (0)
 - volatile 'next' 'Ljava/lang/ref/Reference;' @20  NULL (0)
 - private transient 'discovered' 'Ljava/lang/ref/Reference;' @24  NULL (0)
 - private 'next' 'Ljdk/internal/ref/Cleaner;' @28  NULL (0)
 - private 'prev' 'Ljdk/internal/ref/Cleaner;' @32  NULL (0)
 - private final 'thunk' 'Ljava/lang/Runnable;' @36  NULL (0)
RSP=0x0000009bb15fe9b0 is pointing into the stack for thread: 0x000001c07fc8be20
RBP=0x0000009bb15fea80 is pointing into the stack for thread: 0x000001c07fc8be20
RSI=0x000001c0a39e7b30 is an unknown value
RDI=0x000001c07fa85b50 is pointing into metadata
R8 =0x00000007144b3ce8 is an oop: java.nio.DirectByteBuffer 
{0x00000007144b3ce8} - klass: 'java/nio/DirectByteBuffer'
 - ---- fields (total size 8 words):
 - private 'mark' 'I' @12  -1 (ffffffff)
 - 'address' 'J' @16  1926290273504 (7fd8f4e0 1c0)
 - private 'position' 'I' @24  0
 - private 'limit' 'I' @28  40 (28)
 - private 'capacity' 'I' @32  40 (28)
 - final 'segment' 'Ljdk/internal/access/foreign/MemorySegmentProxy;' @36  NULL (0)
 - final 'offset' 'I' @40  0
 - 'isReadOnly' 'Z' @44  false
 - 'bigEndian' 'Z' @45  true
 - 'nativeByteOrder' 'Z' @46  false
 - final 'hb' '[B' @48  NULL (0)
 - private final 'isSync' 'Z' @47  false
 - private final 'fd' 'Ljava/io/FileDescriptor;' @52  NULL (0)
 - private final 'att' 'Ljava/lang/Object;' @56  NULL (0)
 - private final 'cleaner' 'Ljdk/internal/ref/Cleaner;' @60  NULL (0)
R9 =0x0000000704e708e0 is an oop: java.lang.ref.ReferenceQueue 
{0x0000000704e708e0} - klass: 'java/lang/ref/ReferenceQueue'
 - ---- fields (total size 4 words):
 - private final 'lock' 'Ljava/lang/ref/ReferenceQueue$Lock;' @12  a 'java/lang/ref/ReferenceQueue$Lock'{0x0000000704e70900} (e09ce120)
 - private 'queueLength' 'J' @16  0 (0 0)
 - private volatile 'head' 'Ljava/lang/ref/Reference;' @24  NULL (0)
R10=0x00007ff9d033c730 jvm.dll
R11=0x000001c067d1ffe0 is at entry_point+32 in (nmethod*)0x000001c067d1fe10
R12=0x0 is NULL
R13=0x0000009bb15fea20 is pointing into the stack for thread: 0x000001c07fc8be20
R14=0x0000009bb15feaa0 is pointing into the stack for thread: 0x000001c07fc8be20
R15=0x000001c07fc8be20 is a thread


Registers:
RAX=0x000001c07f440c80, RBX=0x000001c07f440c80, RCX=0x00000007144b3d48, RDX=0x00000007144b3d48
RSP=0x0000009bb15fe9b0, RBP=0x0000009bb15fea80, RSI=0x000001c0a39e7b30, RDI=0x000001c07fa85b50
R8 =0x00000007144b3ce8, R9 =0x0000000704e708e0, R10=0x00007ff9d033c730, R11=0x000001c067d1ffe0
R12=0x0000000000000000, R13=0x0000009bb15fea20, R14=0x0000009bb15feaa0, R15=0x000001c07fc8be20
RIP=0x000001c067d20033, EFLAGS=0x0000000000010206

Top of Stack: (sp=0x0000009bb15fe9b0)
0x0000009bb15fe9b0:   0000009bb15fea50 000001c06f1b94fe
0x0000009bb15fe9c0:   0000000000000000 000001c06f1baf78
0x0000009bb15fe9d0:   0000000000000000 0000000000000028
0x0000009bb15fe9e0:   0000000000000000 000001c07fd8f4e0
0x0000009bb15fe9f0:   0000000000000000 0000000000000000
0x0000009bb15fea00:   0000009bb15fea80 000001c06f1b94fe
0x0000009bb15fea10:   000001c07f4bf9d1 000001c06f1b94fe
0x0000009bb15fea20:   0000000704e708e0 00000007144b3ce8
0x0000009bb15fea30:   00000007144b3d48 0000009bb15fea38
0x0000009bb15fea40:   000001c07f5a9dc5 0000009bb15feaa0
0x0000009bb15fea50:   000001c07f5aa280 0000000000000000
0x0000009bb15fea60:   0000000704e025a8 000001c07f5a9e10
0x0000009bb15fea70:   0000009bb15fea20 0000009bb15fea90
0x0000009bb15fea80:   0000009bb15feaf8 000001c06f1b94fe
0x0000009bb15fea90:   00000007144b3d28 00000007144b3ce8
0x0000009bb15feaa0:   00000007144b3d48 00000007144b3d48 

Instructions: (pc=0x000001c067d20033)
0x000001c067d1ff33:   00 58 05 00 00 58 05 00 00 40 00 00 00 9e 01 00
0x000001c067d1ff43:   00 03 00 00 00 00 00 00 00 02 00 00 00 00 00 00
0x000001c067d1ff53:   00 00 00 00 00 e0 01 00 00 02 00 00 00 ff ff ff
0x000001c067d1ff63:   ff ff ff ff ff 14 60 18 c0 2b c0 12 c0 2b c0 12
0x000001c067d1ff73:   c0 59 c0 36 c0 10 10 42 b0 0e c0 17 64 0a c0 17
0x000001c067d1ff83:   64 0a c0 17 64 1f 64 18 64 1f 64 18 64 df f0 0a
0x000001c067d1ff93:   80 11 64 29 64 20 00 00 64 03 f8 0d d0 a8 86 f9
0x000001c067d1ffa3:   7f 05 70 0e 60 01 f8 7e ff 0e 90 0c 64 00 00 00
0x000001c067d1ffb3:   00 00 00 00 00 00 00 00 00 00 00 00 00 44 8b 52
0x000001c067d1ffc3:   08 49 bb 00 00 00 00 08 00 00 00 4d 03 d3 4c 3b
0x000001c067d1ffd3:   d0 0f 85 a6 15 4e 07 66 0f 1f 44 00 00 89 84 24
0x000001c067d1ffe3:   00 90 ff ff 55 48 83 ec 50 48 be 50 5b a8 7f c0
0x000001c067d1fff3:   01 00 00 8b be cc 00 00 00 83 c7 02 89 be cc 00
0x000001c067d20003:   00 00 81 e7 fe 07 00 00 83 ff 00 0f 84 41 01 00
0x000001c067d20013:   00 48 8b f2 48 bf 50 5b a8 7f c0 01 00 00 48 83
0x000001c067d20023:   87 10 01 00 00 01 48 be 30 7b 9e a3 c0 01 00 00
0x000001c067d20033:   8b be cc 00 00 00 83 c7 02 89 be cc 00 00 00 81
0x000001c067d20043:   e7 fe ff 1f 00 83 ff 00 0f 84 25 01 00 00 48 8b
0x000001c067d20053:   f2 48 bf 30 7b 9e 7f c0 01 00 00 48 83 87 10 01
0x000001c067d20063:   00 00 01 48 be 78 82 64 7f c0 01 00 00 8b be cc
0x000001c067d20073:   00 00 00 83 c7 02 89 be cc 00 00 00 81 e7 fe ff
0x000001c067d20083:   1f 00 83 ff 00 0f 84 09 01 00 00 41 0f be 77 38
0x000001c067d20093:   83 fe 00 0f 85 1c 01 00 00 4d 8b d0 49 c1 ea 03
0x000001c067d200a3:   44 89 52 0c 48 8b f2 49 33 f0 48 c1 ee 15 48 83
0x000001c067d200b3:   fe 00 0f 85 1c 01 00 00 49 83 f9 00 48 be 30 7b
0x000001c067d200c3:   9e 7f c0 01 00 00 48 bf 20 01 00 00 00 00 00 00
0x000001c067d200d3:   0f 85 0a 00 00 00 48 bf 30 01 00 00 00 00 00 00
0x000001c067d200e3:   48 8b 1c 3e 48 8d 5b 01 48 89 1c 3e 0f 85 1a 00
0x000001c067d200f3:   00 00 48 be 30 7b 9e 7f c0 01 00 00 ff 86 40 01
0x000001c067d20103:   00 00 49 b9 40 4c e2 04 07 00 00 00 41 0f be 77
0x000001c067d20113:   38 83 fe 00 0f 85 d2 00 00 00 4d 8b d1 49 c1 ea
0x000001c067d20123:   03 44 89 52 10 f0 83 44 24 c0 00 48 8b f2 49 33 


Stack slot to memory mapping:
stack at sp + 0 slots: 0x0000009bb15fea50 is pointing into the stack for thread: 0x000001c07fc8be20
stack at sp + 1 slots: 0x000001c06f1b94fe is at code_begin+1118 in an Interpreter codelet
return entry points  [0x000001c06f1b90a0, 0x000001c06f1b9ba0]  2816 bytes
stack at sp + 2 slots: 0x0 is NULL
stack at sp + 3 slots: 0x000001c06f1baf78 is at code_begin+24 in an Interpreter codelet
result handlers for native calls  [0x000001c06f1baf60, 0x000001c06f1baf80]  32 bytes
stack at sp + 4 slots: 0x0 is NULL
stack at sp + 5 slots: 0x0000000000000028 is an unknown value
stack at sp + 6 slots: 0x0 is NULL
stack at sp + 7 slots: 0x000001c07fd8f4e0 points into unknown readable memory: 0x0000000000000000 | 00 00 00 00 00 00 00 00

--------------------------------------------------------------------------------
[Constant Pool (empty)]

--------------------------------------------------------------------------------

[MachCode]
  0x000001c067d1ffc0: 448b 5208 | 49bb 0000 | 0000 0800 | 0000 4d03 | d34c 3bd0 | 0f85 a615 | 4e07 660f | 1f44 0000 
  0x000001c067d1ffe0: 8984 2400 | 90ff ff55 | 4883 ec50 | 48be 505b | a87f c001 | 0000 8bbe | cc00 0000 | 83c7 0289 
  0x000001c067d20000: becc 0000 | 0081 e7fe | 0700 0083 | ff00 0f84 | 4101 0000 | 488b f248 | bf50 5ba8 | 7fc0 0100 
  0x000001c067d20020: 0048 8387 | 1001 0000 | 0148 be30 | 7b9e a3c0 | 0100 008b | becc 0000 | 0083 c702 | 89be cc00 
  0x000001c067d20040: 0000 81e7 | feff 1f00 | 83ff 000f | 8425 0100 | 0048 8bf2 | 48bf 307b | 9e7f c001 | 0000 4883 
  0x000001c067d20060: 8710 0100 | 0001 48be | 7882 647f | c001 0000 | 8bbe cc00 | 0000 83c7 | 0289 becc | 0000 0081 
  0x000001c067d20080: e7fe ff1f | 0083 ff00 | 0f84 0901 | 0000 410f | be77 3883 | fe00 0f85 | 1c01 0000 | 4d8b d049 
  0x000001c067d200a0: c1ea 0344 | 8952 0c48 | 8bf2 4933 | f048 c1ee | 1548 83fe | 000f 851c | 0100 0049 | 83f9 0048 
  0x000001c067d200c0: be30 7b9e | 7fc0 0100 | 0048 bf20 | 0100 0000 | 0000 000f | 850a 0000 | 0048 bf30 | 0100 0000 
  0x000001c067d200e0: 0000 0048 | 8b1c 3e48 | 8d5b 0148 | 891c 3e0f | 851a 0000 | 0048 be30 | 7b9e 7fc0 | 0100 00ff 
  0x000001c067d20100: 8640 0100 | 0049 b940 | 4ce2 0407 | 0000 0041 | 0fbe 7738 | 83fe 000f | 85d2 0000 | 004d 8bd1 
  0x000001c067d20120: 49c1 ea03 | 4489 5210 | f083 4424 | c000 488b | f249 33f1 | 48c1 ee15 | 4883 fe00 | 0f85 cc00 
  0x000001c067d20140: 0000 4883 | c450 5d49 | 3ba7 4003 | 0000 0f87 | d200 0000 | c349 ba80 | 0c44 7fc0 | 0100 004c 
  0x000001c067d20160: 8954 2408 | 48c7 0424 | ffff ffff | e80f b558 | 07e9 9efe | ffff 49ba | f8f8 437f | c001 0000 
  0x000001c067d20180: 4c89 5424 | 0848 c704 | 24ff ffff | ffe8 eeb4 | 5807 e9ba | feff ff49 | ba10 0540 | 7fc0 0100 
  0x000001c067d201a0: 004c 8954 | 2408 48c7 | 0424 ffff | ffff e8cd | b458 07e9 | d6fe ffff | 8b72 0c48 | c1e6 0348 
  0x000001c067d201c0: 83fe 000f | 84d3 feff | ff48 8934 | 24e8 aec4 | 5807 e9c5 | feff ff49 | 83f8 000f | 84da feff 
  0x000001c067d201e0: ff48 8914 | 24e8 96c8 | 5807 e9cc | feff ff8b | 7210 48c1 | e603 4883 | fe00 0f84 | 1dff ffff 
  0x000001c067d20200: 4889 3424 | e877 c458 | 07e9 0fff | ffff 4983 | f900 0f84 | 2aff ffff | 4889 1424 | e85f c858 
  0x000001c067d20220: 07e9 1cff | ffff 49ba | 4701 d267 | c001 0000 | 4d89 9758 | 0300 00e9 | 448d 4e07 | 9090 498b 
  0x000001c067d20240: 87d0 0300 | 0049 c787 | d003 0000 | 0000 0000 | 49c7 87d8 | 0300 0000 | 0000 0048 | 83c4 505d 
  0x000001c067d20260: e99b 6e4f | 07f4 f4f4 | f4f4 f4f4 | f4f4 f4f4 | f4f4 f4f4 | f4f4 f4f4 | f4f4 f4f4 | f4f4 f4f4 
  0x000001c067d20280: e87b 7458 | 0748 b9a8 | 860d d0f9 | 7f00 0048 | 83e4 f049 | ba60 b8d5 | cff9 7f00 | 0041 ffd2 
  0x000001c067d202a0: f449 baa1 | 02d2 67c0 | 0100 0041 | 52e9 6ea1 | 4e07 f4f4 | f4f4 f4f4 
[/MachCode]
--------------------------------------------------------------------------------


---------------  P R O C E S S  ---------------

Threads class SMR info:
_java_thread_list=0x000001c07fd8cf30, length=21, elements={
0x000001c06195e820, 0x000001c07fc8a260, 0x000001c07fc8be20, 0x000001c07fca5090,
0x000001c07fca5d60, 0x000001c07fcb27a0, 0x000001c07fcb5870, 0x000001c07fcb9f00,
0x000001c07fcca910, 0x000001c07fccc220, 0x000001c07ffb4b20, 0x000001c07ff6c990,
0x000001c004023950, 0x000001c0040247c0, 0x000001c004024c90, 0x000001c00732a0a0,
0x000001c007328d60, 0x000001c007327a20, 0x000001c00732b3e0, 0x000001c007324ed0,
0x000001c0053d9830
}

Java Threads: ( => current thread )
  0x000001c06195e820 JavaThread "main" [_thread_blocked, id=21468, stack(0x0000009bb0d00000,0x0000009bb0e00000)]
  0x000001c07fc8a260 JavaThread "Reference Handler" daemon [_thread_blocked, id=4676, stack(0x0000009bb1400000,0x0000009bb1500000)]
=>0x000001c07fc8be20 JavaThread "Finalizer" daemon [_thread_in_Java, id=26228, stack(0x0000009bb1500000,0x0000009bb1600000)]
  0x000001c07fca5090 JavaThread "Signal Dispatcher" daemon [_thread_blocked, id=27048, stack(0x0000009bb1600000,0x0000009bb1700000)]
  0x000001c07fca5d60 JavaThread "Attach Listener" daemon [_thread_blocked, id=26020, stack(0x0000009bb1700000,0x0000009bb1800000)]
  0x000001c07fcb27a0 JavaThread "Service Thread" daemon [_thread_blocked, id=21528, stack(0x0000009bb1800000,0x0000009bb1900000)]
  0x000001c07fcb5870 JavaThread "Monitor Deflation Thread" daemon [_thread_blocked, id=7380, stack(0x0000009bb1900000,0x0000009bb1a00000)]
  0x000001c07fcb9f00 JavaThread "C2 CompilerThread0" daemon [_thread_blocked, id=18288, stack(0x0000009bb1a00000,0x0000009bb1b00000)]
  0x000001c07fcca910 JavaThread "C1 CompilerThread0" daemon [_thread_blocked, id=14508, stack(0x0000009bb1b00000,0x0000009bb1c00000)]
  0x000001c07fccc220 JavaThread "Sweeper thread" daemon [_thread_blocked, id=28596, stack(0x0000009bb1c00000,0x0000009bb1d00000)]
  0x000001c07ffb4b20 JavaThread "Notification Thread" daemon [_thread_blocked, id=18412, stack(0x0000009bb1d00000,0x0000009bb1e00000)]
  0x000001c07ff6c990 JavaThread "Common-Cleaner" daemon [_thread_blocked, id=9452, stack(0x0000009bb1f00000,0x0000009bb2000000)]
  0x000001c004023950 JavaThread "ReaderThread" [_thread_in_native, id=27004, stack(0x0000009bb2200000,0x0000009bb2300000)]
  0x000001c0040247c0 JavaThread "ForkJoinPool.commonPool-worker-1" daemon [_thread_blocked, id=20140, stack(0x0000009bb2000000,0x0000009bb2100000)]
  0x000001c004024c90 JavaThread "AsyncHttpClient-1-1" daemon [_thread_blocked, id=7304, stack(0x0000009bb2d00000,0x0000009bb2e00000)]
  0x000001c00732a0a0 JavaThread "UrlChecker-2" daemon [_thread_blocked, id=18708, stack(0x0000009bb2800000,0x0000009bb2900000)]
  0x000001c007328d60 JavaThread "AsyncHttpClient-1-2" daemon [_thread_in_native, id=21144, stack(0x0000009bb3400000,0x0000009bb3500000)]
  0x000001c007327a20 JavaThread "AsyncHttpClient-1-3" daemon [_thread_in_native, id=26872, stack(0x0000009bb3300000,0x0000009bb3400000)]
  0x000001c00732b3e0 JavaThread "AsyncHttpClient-1-4" daemon [_thread_in_native, id=8564, stack(0x0000009bb3500000,0x0000009bb3600000)]
  0x000001c007324ed0 JavaThread "Keep-Alive-Timer" daemon [_thread_blocked, id=26328, stack(0x0000009bb3700000,0x0000009bb3800000)]
  0x000001c0053d9830 JavaThread "C2 CompilerThread1" daemon [_thread_blocked, id=21568, stack(0x0000009bb2c00000,0x0000009bb2d00000)]

Other Threads:
  0x000001c07fc64c40 VMThread "VM Thread" [stack: 0x0000009bb1300000,0x0000009bb1400000] [id=21112] _threads_hazard_ptr=0x000001c07fd8cf30
  0x000001c07ffb6010 WatcherThread [stack: 0x0000009bb1e00000,0x0000009bb1f00000] [id=23800]
  0x000001c0646608d0 GCTaskThread "GC Thread#0" [stack: 0x0000009bb0e00000,0x0000009bb0f00000] [id=16032]
  0x000001c0044d39b0 GCTaskThread "GC Thread#1" [stack: 0x0000009bb2300000,0x0000009bb2400000] [id=22476]
  0x000001c0044d3c60 GCTaskThread "GC Thread#2" [stack: 0x0000009bb2400000,0x0000009bb2500000] [id=27856]
  0x000001c0044cf210 GCTaskThread "GC Thread#3" [stack: 0x0000009bb2500000,0x0000009bb2600000] [id=21388]
  0x000001c0044cf4c0 GCTaskThread "GC Thread#4" [stack: 0x0000009bb2600000,0x0000009bb2700000] [id=25864]
  0x000001c0044cf770 GCTaskThread "GC Thread#5" [stack: 0x0000009bb2700000,0x0000009bb2800000] [id=28532]
  0x000001c006eaea00 GCTaskThread "GC Thread#6" [stack: 0x0000009bb2900000,0x0000009bb2a00000] [id=4536]
  0x000001c007175590 GCTaskThread "GC Thread#7" [stack: 0x0000009bb2a00000,0x0000009bb2b00000] [id=21764]
  0x000001c0646714c0 ConcurrentGCThread "G1 Main Marker" [stack: 0x0000009bb0f00000,0x0000009bb1000000] [id=4296]
  0x000001c064672670 ConcurrentGCThread "G1 Conc#0" [stack: 0x0000009bb1000000,0x0000009bb1100000] [id=12136]
  0x000001c0067af3f0 ConcurrentGCThread "G1 Conc#1" [stack: 0x0000009bb2b00000,0x0000009bb2c00000] [id=24092]
  0x000001c06468ece0 ConcurrentGCThread "G1 Refine#0" [stack: 0x0000009bb1100000,0x0000009bb1200000] [id=9200]
  0x000001c07ee68840 ConcurrentGCThread "G1 Service" [stack: 0x0000009bb1200000,0x0000009bb1300000] [id=5100]

Threads with active compile tasks:
C2 CompilerThread0    22350 3218       4       jdk.internal.jimage.ImageLocation::verify (218 bytes)
C2 CompilerThread1    22350 3217       4       jdk.internal.jimage.ImageStringsReader::hashCode (33 bytes)

VM state: synchronizing (normal execution)

VM Mutex/Monitor currently owned by a thread:  ([mutex/lock_event])
[0x000001c06195a680] Threads_lock - owner thread: 0x000001c07fc64c40
[0x000001c06195ac20] Heap_lock - owner thread: 0x000001c0646714c0

Heap address: 0x0000000704a00000, size: 4022 MB, Compressed Oops mode: Zero based, Oop shift amount: 3

CDS archive(s) not mapped
Compressed class space mapped at: 0x0000000800000000-0x0000000840000000, reserved size: 1073741824
Narrow klass base: 0x0000000800000000, Narrow klass shift: 0, Narrow klass range: 0x40000000

GC Precious Log:
 CPUs: 8 total, 8 available
 Memory: 16086M
 Large Page Support: Disabled
 NUMA Support: Disabled
 Compressed Oops: Enabled (Zero based)
 Heap Region Size: 2M
 Heap Min Capacity: 8M
 Heap Initial Capacity: 252M
 Heap Max Capacity: 4022M
 Pre-touch: Disabled
 Parallel Workers: 8
 Concurrent Workers: 2
 Concurrent Refinement Workers: 8
 Periodic GC: Disabled

Heap:
 garbage-first heap   total 49152K, used 25277K [0x0000000704a00000, 0x0000000800000000)
  region size 2048K, 2 young (4096K), 1 survivors (2048K)
 Metaspace       used 41096K, committed 41472K, reserved 1089536K
  class space    used 4825K, committed 4992K, reserved 1048576K

Heap Regions: E=young(eden), S=young(survivor), O=old, HS=humongous(starts), HC=humongous(continues), CS=collection set, F=free, OA=open archive, CA=closed archive, TAMS=top-at-mark-start (previous, next)
|   0|0x0000000704a00000, 0x0000000704c00000, 0x0000000704c00000|100%| O|  |TAMS 0x0000000704c00000, 0x0000000704a00000| Untracked 
|   1|0x0000000704c00000, 0x0000000704e00000, 0x0000000704e00000|100%| O|  |TAMS 0x0000000704e00000, 0x0000000704c00000| Untracked 
|   2|0x0000000704e00000, 0x0000000705000000, 0x0000000705000000|100%| O|  |TAMS 0x0000000705000000, 0x0000000704e00000| Untracked 
|   3|0x0000000705000000, 0x00000007051fea00, 0x0000000705200000| 99%| O|  |TAMS 0x00000007051fea00, 0x0000000705000000| Untracked 
|   4|0x0000000705200000, 0x0000000705400000, 0x0000000705400000|100%| O|  |TAMS 0x0000000705400000, 0x0000000705200000| Untracked 
|   5|0x0000000705400000, 0x0000000705600000, 0x0000000705600000|100%| O|  |TAMS 0x0000000705600000, 0x0000000705400000| Untracked 
|   6|0x0000000705600000, 0x0000000705800000, 0x0000000705800000|100%| O|  |TAMS 0x0000000705800000, 0x0000000705600000| Untracked 
|   7|0x0000000705800000, 0x0000000705a00000, 0x0000000705a00000|100%| O|  |TAMS 0x00000007058e8600, 0x0000000705800000| Untracked 
|   8|0x0000000705a00000, 0x0000000705c00000, 0x0000000705c00000|100%|HS|  |TAMS 0x0000000705c00000, 0x0000000705a00000| Complete 
|   9|0x0000000705c00000, 0x0000000705e00000, 0x0000000705e00000|100%|HC|  |TAMS 0x0000000705e00000, 0x0000000705c00000| Complete 
|  10|0x0000000705e00000, 0x0000000706000000, 0x0000000706000000|100%|HC|  |TAMS 0x0000000706000000, 0x0000000705e00000| Complete 
|  11|0x0000000706000000, 0x000000070619d200, 0x0000000706200000| 80%| O|  |TAMS 0x0000000706000000, 0x0000000706000000| Updating 
|  12|0x0000000706200000, 0x0000000706200000, 0x0000000706400000|  0%| F|  |TAMS 0x0000000706200000, 0x0000000706200000| Untracked 
|  13|0x0000000706400000, 0x0000000706400000, 0x0000000706600000|  0%| F|  |TAMS 0x0000000706400000, 0x0000000706400000| Untracked 
|  14|0x0000000706600000, 0x0000000706600000, 0x0000000706800000|  0%| F|  |TAMS 0x0000000706600000, 0x0000000706600000| Untracked 
|  15|0x0000000706800000, 0x0000000706800000, 0x0000000706a00000|  0%| F|  |TAMS 0x0000000706800000, 0x0000000706800000| Untracked 
|  16|0x0000000706a00000, 0x0000000706a00000, 0x0000000706c00000|  0%| F|  |TAMS 0x0000000706a00000, 0x0000000706a00000| Untracked 
|  17|0x0000000706c00000, 0x0000000706c00000, 0x0000000706e00000|  0%| F|  |TAMS 0x0000000706c00000, 0x0000000706c00000| Untracked 
|  18|0x0000000706e00000, 0x0000000706f139b8, 0x0000000707000000| 53%| S|CS|TAMS 0x0000000706e00000, 0x0000000706e00000| Complete 
|  19|0x0000000707000000, 0x0000000707000000, 0x0000000707200000|  0%| F|  |TAMS 0x0000000707000000, 0x0000000707000000| Untracked 
|  20|0x0000000707200000, 0x0000000707200000, 0x0000000707400000|  0%| F|  |TAMS 0x0000000707200000, 0x0000000707200000| Untracked 
| 119|0x0000000713800000, 0x0000000713800000, 0x0000000713a00000|  0%| F|  |TAMS 0x0000000713800000, 0x0000000713800000| Untracked 
| 120|0x0000000713a00000, 0x0000000713a00000, 0x0000000713c00000|  0%| F|  |TAMS 0x0000000713a00000, 0x0000000713a00000| Untracked 
| 125|0x0000000714400000, 0x0000000714545980, 0x0000000714600000| 63%| E|  |TAMS 0x0000000714400000, 0x0000000714400000| Complete 

Card table byte_map: [0x000001c077790000,0x000001c077f70000] _byte_map_base: 0x000001c073f6b000

Marking Bits (Prev, Next): (CMBitMap*) 0x000001c064660f20, (CMBitMap*) 0x000001c064660ee0
 Prev Bits: [0x000001c000000000, 0x000001c003ed8000)
 Next Bits: [0x000001c078750000, 0x000001c07c628000)

Polling page: 0x000001c061bf0000

Metaspace:

Usage:
  Non-class:     35.42 MB used.
      Class:      4.71 MB used.
       Both:     40.13 MB used.

Virtual space:
  Non-class space:       40.00 MB reserved,      35.62 MB ( 89%) committed,  5 nodes.
      Class space:        1.00 GB reserved,       4.88 MB ( <1%) committed,  1 nodes.
             Both:        1.04 GB reserved,      40.50 MB (  4%) committed. 

Chunk freelists:
   Non-Class:  3.74 MB
       Class:  3.17 MB
        Both:  6.91 MB

MaxMetaspaceSize: unlimited
CompressedClassSpaceSize: 1.00 GB
Initial GC threshold: 21.00 MB
Current GC threshold: 67.44 MB
CDS: off
MetaspaceReclaimPolicy: balanced
 - commit_granule_bytes: 65536.
 - commit_granule_words: 8192.
 - virtual_space_node_default_size: 1048576.
 - enlarge_chunks_in_place: 1.
 - new_chunks_are_fully_committed: 0.
 - uncommit_free_chunks: 1.
 - use_allocation_guard: 0.
 - handle_deallocations: 1.


Internal statistics:

num_allocs_failed_limit: 6.
num_arena_births: 250.
num_arena_deaths: 0.
num_vsnodes_births: 6.
num_vsnodes_deaths: 0.
num_space_committed: 647.
num_space_uncommitted: 0.
num_chunks_returned_to_freelist: 6.
num_chunks_taken_from_freelist: 1135.
num_chunk_merges: 3.
num_chunk_splits: 780.
num_chunks_enlarged: 607.
num_purges: 0.
num_inconsistent_stats: 0.

CodeHeap 'non-profiled nmethods': size=120000Kb used=1631Kb max_used=1631Kb free=118368Kb
 bounds [0x000001c06f750000, 0x000001c06f9c0000, 0x000001c076c80000]
CodeHeap 'profiled nmethods': size=120000Kb used=6596Kb max_used=6596Kb free=113403Kb
 bounds [0x000001c067c80000, 0x000001c068300000, 0x000001c06f1b0000]
CodeHeap 'non-nmethods': size=5760Kb used=1333Kb max_used=1373Kb free=4426Kb
 bounds [0x000001c06f1b0000, 0x000001c06f420000, 0x000001c06f750000]
 total_blobs=3871 nmethods=3232 adapters=551
 compilation: enabled
              stopped_count=0, restarted_count=0
 full_count=0

Compilation events (20 events):
Event: 22.187 Thread 0x000001c07fcca910 nmethod 3223 0x000001c06f8e7490 code [0x000001c06f8e7620, 0x000001c06f8e76f8]
Event: 22.188 Thread 0x000001c07fcca910 3224       1       java.util.Hashtable$Entry::getValue (5 bytes)
Event: 22.188 Thread 0x000001c07fcca910 nmethod 3224 0x000001c06f8e7790 code [0x000001c06f8e7920, 0x000001c06f8e79f8]
Event: 22.188 Thread 0x000001c07fcca910 3225       3       com.sun.beans.introspect.PropertyInfo::is (31 bytes)
Event: 22.193 Thread 0x000001c07fcca910 nmethod 3225 0x000001c0682ead90 code [0x000001c0682eaf60, 0x000001c0682eb528]
Event: 22.193 Thread 0x000001c07fcca910 3229       3       freemarker.ext.beans.ExecutableMemberSignature::hashCode (17 bytes)
Event: 22.193 Thread 0x000001c07fcca910 nmethod 3229 0x000001c0682eb690 code [0x000001c0682eb840, 0x000001c0682eb9a8]
Event: 22.193 Thread 0x000001c07fcca910 3226       3       java.beans.FeatureDescriptor::setValue (11 bytes)
Event: 22.194 Thread 0x000001c07fcca910 nmethod 3226 0x000001c0682eba90 code [0x000001c0682ebc80, 0x000001c0682ec098]
Event: 22.194 Thread 0x000001c07fcca910 3228  s!   3       java.beans.PropertyDescriptor::getReadMethod (149 bytes)
Event: 22.199 Thread 0x000001c07fcca910 nmethod 3228 0x000001c0682ec210 code [0x000001c0682ec580, 0x000001c0682ee078]
Event: 22.199 Thread 0x000001c07fcca910 3227       3       java.util.Collections$UnmodifiableMap$UnmodifiableEntrySet$UnmodifiableEntry::getValue (10 bytes)
Event: 22.199 Thread 0x000001c07fcca910 nmethod 3227 0x000001c0682ee810 code [0x000001c0682ee9c0, 0x000001c0682eeba8]
Event: 22.199 Thread 0x000001c07fcca910 3230       1       freemarker.core.LocalContextStack::size (5 bytes)
Event: 22.199 Thread 0x000001c07fcca910 nmethod 3230 0x000001c06f8e7a90 code [0x000001c06f8e7c20, 0x000001c06f8e7cf8]
Event: 22.202 Thread 0x000001c07fcca910 3232       3       jdk.internal.loader.URLClassPath::findResource (38 bytes)
Event: 22.203 Thread 0x000001c07fcca910 nmethod 3232 0x000001c0682eec90 code [0x000001c0682eee60, 0x000001c0682ef1b8]
Event: 22.203 Thread 0x000001c07fcca910 3233       3       java.nio.file.attribute.FileTime::toMillis (98 bytes)
Event: 22.204 Thread 0x000001c07fcca910 nmethod 3233 0x000001c0682ef310 code [0x000001c0682ef4e0, 0x000001c0682ef988]
Event: 22.207 Thread 0x000001c07fcca910 3234       3       java.util.ArrayDeque::<init> (14 bytes)

GC Heap History (18 events):
Event: 0.923 GC heap before
{Heap before GC invocations=0 (full 0):
 garbage-first heap   total 258048K, used 20480K [0x0000000704a00000, 0x0000000800000000)
  region size 2048K, 11 young (22528K), 0 survivors (0K)
 Metaspace       used 13326K, committed 13504K, reserved 1064960K
  class space    used 1282K, committed 1344K, reserved 1048576K
}
Event: 0.928 GC heap after
{Heap after GC invocations=1 (full 0):
 garbage-first heap   total 258048K, used 8256K [0x0000000704a00000, 0x0000000800000000)
  region size 2048K, 2 young (4096K), 2 survivors (4096K)
 Metaspace       used 13326K, committed 13504K, reserved 1064960K
  class space    used 1282K, committed 1344K, reserved 1048576K
}
Event: 1.311 GC heap before
{Heap before GC invocations=1 (full 0):
 garbage-first heap   total 258048K, used 28736K [0x0000000704a00000, 0x0000000800000000)
  region size 2048K, 12 young (24576K), 2 survivors (4096K)
 Metaspace       used 18348K, committed 18560K, reserved 1073152K
  class space    used 1877K, committed 1984K, reserved 1048576K
}
Event: 1.314 GC heap after
{Heap after GC invocations=2 (full 0):
 garbage-first heap   total 258048K, used 10010K [0x0000000704a00000, 0x0000000800000000)
  region size 2048K, 1 young (2048K), 1 survivors (2048K)
 Metaspace       used 18348K, committed 18560K, reserved 1073152K
  class space    used 1877K, committed 1984K, reserved 1048576K
}
Event: 1.522 GC heap before
{Heap before GC invocations=2 (full 0):
 garbage-first heap   total 258048K, used 18202K [0x0000000704a00000, 0x0000000800000000)
  region size 2048K, 6 young (12288K), 1 survivors (2048K)
 Metaspace       used 21272K, committed 21504K, reserved 1073152K
  class space    used 2175K, committed 2304K, reserved 1048576K
}
Event: 1.527 GC heap after
{Heap after GC invocations=3 (full 0):
 garbage-first heap   total 258048K, used 11579K [0x0000000704a00000, 0x0000000800000000)
  region size 2048K, 2 young (4096K), 2 survivors (4096K)
 Metaspace       used 21272K, committed 21504K, reserved 1073152K
  class space    used 2175K, committed 2304K, reserved 1048576K
}
Event: 2.085 GC heap before
{Heap before GC invocations=4 (full 0):
 garbage-first heap   total 49152K, used 32059K [0x0000000704a00000, 0x0000000800000000)
  region size 2048K, 13 young (26624K), 2 survivors (4096K)
 Metaspace       used 25640K, committed 25920K, reserved 1073152K
  class space    used 2694K, committed 2816K, reserved 1048576K
}
Event: 2.091 GC heap after
{Heap after GC invocations=5 (full 0):
 garbage-first heap   total 49152K, used 14675K [0x0000000704a00000, 0x0000000800000000)
  region size 2048K, 4 young (8192K), 4 survivors (8192K)
 Metaspace       used 25640K, committed 25920K, reserved 1073152K
  class space    used 2694K, committed 2816K, reserved 1048576K
}
Event: 2.779 GC heap before
{Heap before GC invocations=5 (full 0):
 garbage-first heap   total 49152K, used 26963K [0x0000000704a00000, 0x0000000800000000)
  region size 2048K, 11 young (22528K), 4 survivors (8192K)
 Metaspace       used 29874K, committed 30144K, reserved 1081344K
  class space    used 3284K, committed 3456K, reserved 1048576K
}
Event: 2.785 GC heap after
{Heap after GC invocations=6 (full 0):
 garbage-first heap   total 49152K, used 15551K [0x0000000704a00000, 0x0000000800000000)
  region size 2048K, 1 young (2048K), 1 survivors (2048K)
 Metaspace       used 29874K, committed 30144K, reserved 1081344K
  class space    used 3284K, committed 3456K, reserved 1048576K
}
Event: 3.358 GC heap before
{Heap before GC invocations=6 (full 0):
 garbage-first heap   total 49152K, used 31935K [0x0000000704a00000, 0x0000000800000000)
  region size 2048K, 9 young (18432K), 1 survivors (2048K)
 Metaspace       used 34438K, committed 34688K, reserved 1081344K
  class space    used 3878K, committed 3968K, reserved 1048576K
}
Event: 3.361 GC heap after
{Heap after GC invocations=7 (full 0):
 garbage-first heap   total 49152K, used 16698K [0x0000000704a00000, 0x0000000800000000)
  region size 2048K, 2 young (4096K), 2 survivors (4096K)
 Metaspace       used 34438K, committed 34688K, reserved 1081344K
  class space    used 3878K, committed 3968K, reserved 1048576K
}
Event: 3.507 GC heap before
{Heap before GC invocations=7 (full 0):
 garbage-first heap   total 49152K, used 20794K [0x0000000704a00000, 0x0000000800000000)
  region size 2048K, 5 young (10240K), 2 survivors (4096K)
 Metaspace       used 35762K, committed 35968K, reserved 1081344K
  class space    used 4060K, committed 4160K, reserved 1048576K
}
Event: 3.509 GC heap after
{Heap after GC invocations=8 (full 0):
 garbage-first heap   total 49152K, used 16985K [0x0000000704a00000, 0x0000000800000000)
  region size 2048K, 1 young (2048K), 1 survivors (2048K)
 Metaspace       used 35762K, committed 35968K, reserved 1081344K
  class space    used 4060K, committed 4160K, reserved 1048576K
}
Event: 21.625 GC heap before
{Heap before GC invocations=9 (full 0):
 garbage-first heap   total 49152K, used 39513K [0x0000000704a00000, 0x0000000800000000)
  region size 2048K, 9 young (18432K), 1 survivors (2048K)
 Metaspace       used 39282K, committed 39552K, reserved 1089536K
  class space    used 4566K, committed 4672K, reserved 1048576K
}
Event: 21.632 GC heap after
{Heap after GC invocations=10 (full 0):
 garbage-first heap   total 49152K, used 24343K [0x0000000704a00000, 0x0000000800000000)
  region size 2048K, 2 young (4096K), 2 survivors (4096K)
 Metaspace       used 39282K, committed 39552K, reserved 1089536K
  class space    used 4566K, committed 4672K, reserved 1048576K
}
Event: 22.149 GC heap before
{Heap before GC invocations=10 (full 0):
 garbage-first heap   total 49152K, used 34583K [0x0000000704a00000, 0x0000000800000000)
  region size 2048K, 7 young (14336K), 2 survivors (4096K)
 Metaspace       used 41034K, committed 41344K, reserved 1089536K
  class space    used 4820K, committed 4992K, reserved 1048576K
}
Event: 22.157 GC heap after
{Heap after GC invocations=11 (full 0):
 garbage-first heap   total 49152K, used 25277K [0x0000000704a00000, 0x0000000800000000)
  region size 2048K, 1 young (2048K), 1 survivors (2048K)
 Metaspace       used 41034K, committed 41344K, reserved 1089536K
  class space    used 4820K, committed 4992K, reserved 1048576K
}

Dll operation events (9 events):
Event: 0.012 Loaded shared library C:\Users\ImranMohd-Kairos\.p2\pool\plugins\org.eclipse.justj.openjdk.hotspot.jre.full.win32.x86_64_17.0.6.v20230204-1729\jre\bin\java.dll
Event: 0.230 Loaded shared library C:\Users\ImranMohd-Kairos\.p2\pool\plugins\org.eclipse.justj.openjdk.hotspot.jre.full.win32.x86_64_17.0.6.v20230204-1729\jre\bin\net.dll
Event: 0.232 Loaded shared library C:\Users\ImranMohd-Kairos\.p2\pool\plugins\org.eclipse.justj.openjdk.hotspot.jre.full.win32.x86_64_17.0.6.v20230204-1729\jre\bin\nio.dll
Event: 0.239 Loaded shared library C:\Users\ImranMohd-Kairos\.p2\pool\plugins\org.eclipse.justj.openjdk.hotspot.jre.full.win32.x86_64_17.0.6.v20230204-1729\jre\bin\zip.dll
Event: 0.362 Loaded shared library C:\Users\ImranMohd-Kairos\.p2\pool\plugins\org.eclipse.justj.openjdk.hotspot.jre.full.win32.x86_64_17.0.6.v20230204-1729\jre\bin\jimage.dll
Event: 0.825 Loaded shared library C:\Users\ImranMohd-Kairos\.p2\pool\plugins\org.eclipse.justj.openjdk.hotspot.jre.full.win32.x86_64_17.0.6.v20230204-1729\jre\bin\verify.dll
Event: 1.984 Loaded shared library C:\Users\ImranMohd-Kairos\.p2\pool\plugins\org.eclipse.justj.openjdk.hotspot.jre.full.win32.x86_64_17.0.6.v20230204-1729\jre\bin\sunmscapi.dll
Event: 2.745 Loaded shared library C:\Users\ImranMohd-Kairos\.p2\pool\plugins\org.eclipse.justj.openjdk.hotspot.jre.full.win32.x86_64_17.0.6.v20230204-1729\jre\bin\management.dll
Event: 2.753 Loaded shared library C:\Users\ImranMohd-Kairos\.p2\pool\plugins\org.eclipse.justj.openjdk.hotspot.jre.full.win32.x86_64_17.0.6.v20230204-1729\jre\bin\management_ext.dll

Deoptimization events (20 events):
Event: 21.907 Thread 0x000001c06195e820 Uncommon trap: trap_request=0xffffff45 fr.pc=0x000001c06f7907b0 relative=0x0000000000000510
Event: 21.907 Thread 0x000001c06195e820 Uncommon trap: reason=unstable_if action=reinterpret pc=0x000001c06f7907b0 method=java.lang.AbstractStringBuilder.putStringAt(ILjava/lang/String;II)V @ 8 c2
Event: 21.907 Thread 0x000001c06195e820 DEOPT PACKING pc=0x000001c06f7907b0 sp=0x0000009bb0dfe170
Event: 21.907 Thread 0x000001c06195e820 DEOPT UNPACKING pc=0x000001c06f20a1a3 sp=0x0000009bb0dfe008 mode 2
Event: 21.907 Thread 0x000001c06195e820 Uncommon trap: trap_request=0xffffff45 fr.pc=0x000001c06f778f1c relative=0x00000000000004fc
Event: 21.907 Thread 0x000001c06195e820 Uncommon trap: reason=unstable_if action=reinterpret pc=0x000001c06f778f1c method=java.lang.AbstractStringBuilder.putStringAt(ILjava/lang/String;II)V @ 8 c2
Event: 21.907 Thread 0x000001c06195e820 DEOPT PACKING pc=0x000001c06f778f1c sp=0x0000009bb0dfe110
Event: 21.907 Thread 0x000001c06195e820 DEOPT UNPACKING pc=0x000001c06f20a1a3 sp=0x0000009bb0dfe000 mode 2
Event: 21.907 Thread 0x000001c06195e820 Uncommon trap: trap_request=0xffffff45 fr.pc=0x000001c06f79fcc0 relative=0x0000000000000420
Event: 21.907 Thread 0x000001c06195e820 Uncommon trap: reason=unstable_if action=reinterpret pc=0x000001c06f79fcc0 method=java.lang.AbstractStringBuilder.isLatin1()Z @ 10 c2
Event: 21.907 Thread 0x000001c06195e820 DEOPT PACKING pc=0x000001c06f79fcc0 sp=0x0000009bb0dfe190
Event: 21.907 Thread 0x000001c06195e820 DEOPT UNPACKING pc=0x000001c06f20a1a3 sp=0x0000009bb0dfe110 mode 2
Event: 21.921 Thread 0x000001c06195e820 Uncommon trap: trap_request=0xffffff45 fr.pc=0x000001c06f794410 relative=0x00000000000004f0
Event: 21.921 Thread 0x000001c06195e820 Uncommon trap: reason=unstable_if action=reinterpret pc=0x000001c06f794410 method=java.lang.String.substring(II)Ljava/lang/String; @ 31 c2
Event: 21.921 Thread 0x000001c06195e820 DEOPT PACKING pc=0x000001c06f794410 sp=0x0000009bb0dfdd90
Event: 21.921 Thread 0x000001c06195e820 DEOPT UNPACKING pc=0x000001c06f20a1a3 sp=0x0000009bb0dfdd60 mode 2
Event: 22.090 Thread 0x000001c06195e820 Uncommon trap: trap_request=0xffffff45 fr.pc=0x000001c06f839fe8 relative=0x0000000000000248
Event: 22.090 Thread 0x000001c06195e820 Uncommon trap: reason=unstable_if action=reinterpret pc=0x000001c06f839fe8 method=java.util.StringTokenizer.skipDelimiters(I)I @ 64 c2
Event: 22.090 Thread 0x000001c06195e820 DEOPT PACKING pc=0x000001c06f839fe8 sp=0x0000009bb0dfdc60
Event: 22.090 Thread 0x000001c06195e820 DEOPT UNPACKING pc=0x000001c06f20a1a3 sp=0x0000009bb0dfdbf0 mode 2

Classes unloaded (0 events):
No events

Classes redefined (0 events):
No events

Internal exceptions (20 events):
Event: 21.878 Thread 0x000001c06195e820 Exception <a 'java/lang/ClassNotFoundException'{0x00000007139c3080}: com/aventstack/extentreports/reporter/configuration/FileReporterConfigCustomizer> (0x00000007139c3080) 
thrown [s\src\hotspot\share\classfile\systemDictionary.cpp, line 256]
Event: 21.881 Thread 0x000001c06195e820 Exception <a 'java/lang/ClassNotFoundException'{0x00000007139d20d0}: com/aventstack/extentreports/reporter/configuration/InteractiveReporterConfigCustomizer> (0x00000007139d20d0) 
thrown [s\src\hotspot\share\classfile\systemDictionary.cpp, line 256]
Event: 21.884 Thread 0x000001c06195e820 Exception <a 'java/lang/ClassNotFoundException'{0x00000007139e76d8}: com/aventstack/extentreports/reporter/configuration/ExtentSparkReporterConfigCustomizer> (0x00000007139e76d8) 
thrown [s\src\hotspot\share\classfile\systemDictionary.cpp, line 256]
Event: 21.887 Thread 0x000001c06195e820 Exception <a 'java/lang/ClassNotFoundException'{0x0000000707200d98}: com/aventstack/extentreports/reporter/configuration/ThemeBeanInfo> (0x0000000707200d98) 
thrown [s\src\hotspot\share\classfile\systemDictionary.cpp, line 256]
Event: 21.889 Thread 0x000001c06195e820 Exception <a 'java/lang/ClassNotFoundException'{0x000000070720a800}: com/aventstack/extentreports/reporter/configuration/ThemeCustomizer> (0x000000070720a800) 
thrown [s\src\hotspot\share\classfile\systemDictionary.cpp, line 256]
Event: 21.892 Thread 0x000001c06195e820 Exception <a 'java/lang/ClassNotFoundException'{0x000000070721ec90}: com/aventstack/extentreports/model/ReportBeanInfo> (0x000000070721ec90) 
thrown [s\src\hotspot\share\classfile\systemDictionary.cpp, line 256]
Event: 21.893 Thread 0x000001c06195e820 Exception <a 'java/lang/ClassNotFoundException'{0x0000000707227d48}: com/aventstack/extentreports/model/ReportCustomizer> (0x0000000707227d48) 
thrown [s\src\hotspot\share\classfile\systemDictionary.cpp, line 256]
Event: 21.897 Thread 0x000001c06195e820 Exception <a 'java/lang/ClassNotFoundException'{0x000000070724e780}: com/aventstack/extentreports/model/ReportStatsBeanInfo> (0x000000070724e780) 
thrown [s\src\hotspot\share\classfile\systemDictionary.cpp, line 256]
Event: 21.897 Thread 0x000001c06195e820 Exception <a 'java/lang/ClassNotFoundException'{0x0000000707257af0}: com/aventstack/extentreports/model/ReportStatsCustomizer> (0x0000000707257af0) 
thrown [s\src\hotspot\share\classfile\systemDictionary.cpp, line 256]
Event: 21.901 Thread 0x000001c06195e820 Exception <a 'java/lang/ClassNotFoundException'{0x0000000707276668}: com/aventstack/extentreports/AnalysisStrategyBeanInfo> (0x0000000707276668) 
thrown [s\src\hotspot\share\classfile\systemDictionary.cpp, line 256]
Event: 21.902 Thread 0x000001c06195e820 Exception <a 'java/lang/ClassNotFoundException'{0x000000070727f888}: com/aventstack/extentreports/AnalysisStrategyCustomizer> (0x000000070727f888) 
thrown [s\src\hotspot\share\classfile\systemDictionary.cpp, line 256]
Event: 21.960 Thread 0x000001c06195e820 Exception <a 'java/lang/NoSuchMethodError'{0x0000000707359000}: 'long java.lang.invoke.DirectMethodHandle$Holder.invokeSpecial(java.lang.Object, java.lang.Object)'> (0x0000000707359000) 
thrown [s\src\hotspot\share\interpreter\linkResolver.cpp, line 759]
Event: 22.110 Thread 0x000001c06195e820 Exception <a 'java/lang/ClassNotFoundException'{0x0000000707170f88}: com/aventstack/extentreports/reporter/configuration/ViewNameBeanInfo> (0x0000000707170f88) 
thrown [s\src\hotspot\share\classfile\systemDictionary.cpp, line 256]
Event: 22.111 Thread 0x000001c06195e820 Exception <a 'java/lang/ClassNotFoundException'{0x000000070717aa90}: com/aventstack/extentreports/reporter/configuration/ViewNameCustomizer> (0x000000070717aa90) 
thrown [s\src\hotspot\share\classfile\systemDictionary.cpp, line 256]
Event: 22.118 Thread 0x000001c06195e820 Exception <a 'java/lang/ClassNotFoundException'{0x0000000707194708}: com/aventstack/extentreports/model/context/NamedAttributeContextManagerBeanInfo> (0x0000000707194708) 
thrown [s\src\hotspot\share\classfile\systemDictionary.cpp, line 256]
Event: 22.119 Thread 0x000001c06195e820 Exception <a 'java/lang/ClassNotFoundException'{0x000000070719e788}: com/aventstack/extentreports/model/context/NamedAttributeContextManagerCustomizer> (0x000000070719e788) 
thrown [s\src\hotspot\share\classfile\systemDictionary.cpp, line 256]
Event: 22.161 Thread 0x000001c06195e820 Exception <a 'java/lang/ClassNotFoundException'{0x0000000714414198}: com/aventstack/extentreports/model/TestBeanInfo> (0x0000000714414198) 
thrown [s\src\hotspot\share\classfile\systemDictionary.cpp, line 256]
Event: 22.162 Thread 0x000001c06195e820 Exception <a 'java/lang/ClassNotFoundException'{0x000000071441d1b0}: com/aventstack/extentreports/model/TestCustomizer> (0x000000071441d1b0) 
thrown [s\src\hotspot\share\classfile\systemDictionary.cpp, line 256]
Event: 22.185 Thread 0x000001c06195e820 Exception <a 'java/lang/ClassNotFoundException'{0x0000000714494ca8}: com/aventstack/extentreports/model/LogBeanInfo> (0x0000000714494ca8) 
thrown [s\src\hotspot\share\classfile\systemDictionary.cpp, line 256]
Event: 22.186 Thread 0x000001c06195e820 Exception <a 'java/lang/ClassNotFoundException'{0x000000071449dc60}: com/aventstack/extentreports/model/LogCustomizer> (0x000000071449dc60) 
thrown [s\src\hotspot\share\classfile\systemDictionary.cpp, line 256]

VM Operations (20 events):
Event: 3.358 Executing VM operation: G1CollectForAllocation
Event: 3.361 Executing VM operation: G1CollectForAllocation done
Event: 3.506 Executing VM operation: CollectForMetadataAllocation
Event: 3.510 Executing VM operation: CollectForMetadataAllocation done
Event: 3.521 Executing VM operation: G1Concurrent
Event: 3.523 Executing VM operation: G1Concurrent done
Event: 3.529 Executing VM operation: G1Concurrent
Event: 3.529 Executing VM operation: G1Concurrent done
Event: 4.537 Executing VM operation: Cleanup
Event: 4.538 Executing VM operation: Cleanup done
Event: 5.543 Executing VM operation: Cleanup
Event: 5.544 Executing VM operation: Cleanup done
Event: 21.625 Executing VM operation: G1CollectForAllocation
Event: 21.632 Executing VM operation: G1CollectForAllocation done
Event: 21.918 Executing VM operation: HandshakeAllThreads
Event: 21.918 Executing VM operation: HandshakeAllThreads done
Event: 22.149 Executing VM operation: G1CollectForAllocation
Event: 22.157 Executing VM operation: G1CollectForAllocation done
Event: 22.188 Executing VM operation: G1Concurrent
Event: 22.192 Executing VM operation: G1Concurrent done

Events (20 events):
Event: 21.965 loading class java/util/stream/ReduceOps$10
Event: 21.965 loading class java/util/stream/ReduceOps$10 done
Event: 21.965 loading class java/util/stream/ReduceOps$8ReducingSink
Event: 21.966 loading class java/util/stream/Sink$OfLong
Event: 21.966 loading class java/util/function/LongConsumer
Event: 21.966 loading class java/util/function/LongConsumer done
Event: 21.966 loading class java/util/stream/Sink$OfLong done
Event: 21.966 loading class java/util/stream/ReduceOps$8ReducingSink done
Event: 21.966 loading class java/util/stream/ReferencePipeline$5$1
Event: 21.966 loading class java/util/stream/ReferencePipeline$5$1 done
Event: 21.977 loading class java/math/BigDecimal$StringBuilderHelper
Event: 21.977 loading class java/math/BigDecimal$StringBuilderHelper done
Event: 22.088 loading class sun/util/locale/provider/DateFormatProviderImpl
Event: 22.088 loading class sun/util/locale/provider/DateFormatProviderImpl done
Event: 22.193 loading class sun/security/ssl/Alert
Event: 22.193 loading class sun/security/ssl/Alert done
Event: 22.194 loading class sun/security/ssl/Alert$AlertConsumer
Event: 22.194 loading class sun/security/ssl/Alert$AlertConsumer done
Event: 22.195 loading class sun/security/ssl/Alert$Level
Event: 22.195 loading class sun/security/ssl/Alert$Level done


Dynamic libraries:
0x00007ff788400000 - 0x00007ff78840e000 	C:\Users\ImranMohd-Kairos\.p2\pool\plugins\org.eclipse.justj.openjdk.hotspot.jre.full.win32.x86_64_17.0.6.v20230204-1729\jre\bin\javaw.exe
0x00007ffa29590000 - 0x00007ffa297a4000 	C:\WINDOWS\SYSTEM32\ntdll.dll
0x00007ffa28300000 - 0x00007ffa283c2000 	C:\WINDOWS\System32\KERNEL32.DLL
0x00007ffa26e90000 - 0x00007ffa27233000 	C:\WINDOWS\System32\KERNELBASE.dll
0x00007ff9cd430000 - 0x00007ff9cd4ff000 	C:\Program Files\Bitdefender\Endpoint Security\bdhkm\dlls_266184808945032704\bdhkm64.dll
0x00007ff9cd2e0000 - 0x00007ff9cd427000 	C:\Program Files\Bitdefender\Endpoint Security\atcuf\dlls_266427389301354667\atcuf64.dll
0x00007ffa269b0000 - 0x00007ffa26ac1000 	C:\WINDOWS\System32\ucrtbase.dll
0x00007ff9dd5e0000 - 0x00007ff9dd5f7000 	C:\Users\ImranMohd-Kairos\.p2\pool\plugins\org.eclipse.justj.openjdk.hotspot.jre.full.win32.x86_64_17.0.6.v20230204-1729\jre\bin\jli.dll
0x00007ffa27900000 - 0x00007ffa27aab000 	C:\WINDOWS\System32\USER32.dll
0x00007ffa27360000 - 0x00007ffa27386000 	C:\WINDOWS\System32\win32u.dll
0x00007ffa282c0000 - 0x00007ffa282e9000 	C:\WINDOWS\System32\GDI32.dll
0x00007ffa27240000 - 0x00007ffa27358000 	C:\WINDOWS\System32\gdi32full.dll
0x00007ffa26df0000 - 0x00007ffa26e8a000 	C:\WINDOWS\System32\msvcp_win.dll
0x00007ff9dd5c0000 - 0x00007ff9dd5d9000 	C:\Users\ImranMohd-Kairos\.p2\pool\plugins\org.eclipse.justj.openjdk.hotspot.jre.full.win32.x86_64_17.0.6.v20230204-1729\jre\bin\VCRUNTIME140.dll
0x00007ffa057e0000 - 0x00007ffa05a6e000 	C:\WINDOWS\WinSxS\amd64_microsoft.windows.common-controls_6595b64144ccf1df_6.0.22621.1635_none_270f70857386168e\COMCTL32.dll
0x00007ffa28d20000 - 0x00007ffa28dc7000 	C:\WINDOWS\System32\msvcrt.dll
0x00007ffa27810000 - 0x00007ffa27841000 	C:\WINDOWS\System32\IMM32.DLL
0x00007ffa1ea70000 - 0x00007ffa1ea7c000 	C:\Users\ImranMohd-Kairos\.p2\pool\plugins\org.eclipse.justj.openjdk.hotspot.jre.full.win32.x86_64_17.0.6.v20230204-1729\jre\bin\vcruntime140_1.dll
0x00007ff9d3c20000 - 0x00007ff9d3cb1000 	C:\Users\ImranMohd-Kairos\.p2\pool\plugins\org.eclipse.justj.openjdk.hotspot.jre.full.win32.x86_64_17.0.6.v20230204-1729\jre\bin\msvcp140.dll
0x00007ff9cf7b0000 - 0x00007ff9d03f7000 	C:\Users\ImranMohd-Kairos\.p2\pool\plugins\org.eclipse.justj.openjdk.hotspot.jre.full.win32.x86_64_17.0.6.v20230204-1729\jre\bin\server\jvm.dll
0x00007ffa29160000 - 0x00007ffa2920e000 	C:\WINDOWS\System32\ADVAPI32.dll
0x00007ffa27850000 - 0x00007ffa278f4000 	C:\WINDOWS\System32\sechost.dll
0x00007ffa29430000 - 0x00007ffa29547000 	C:\WINDOWS\System32\RPCRT4.dll
0x00007ffa16540000 - 0x00007ffa16549000 	C:\WINDOWS\SYSTEM32\WSOCK32.dll
0x00007ffa29210000 - 0x00007ffa29281000 	C:\WINDOWS\System32\WS2_32.dll
0x00007ffa1c710000 - 0x00007ffa1c744000 	C:\WINDOWS\SYSTEM32\WINMM.dll
0x00007ffa1a6a0000 - 0x00007ffa1a6aa000 	C:\WINDOWS\SYSTEM32\VERSION.dll
0x00007ffa25a00000 - 0x00007ffa25a18000 	C:\WINDOWS\SYSTEM32\kernel.appcore.dll
0x00007ffa16530000 - 0x00007ffa1653a000 	C:\Users\ImranMohd-Kairos\.p2\pool\plugins\org.eclipse.justj.openjdk.hotspot.jre.full.win32.x86_64_17.0.6.v20230204-1729\jre\bin\jimage.dll
0x00007ffa24200000 - 0x00007ffa2442e000 	C:\WINDOWS\SYSTEM32\DBGHELP.DLL
0x00007ffa27c80000 - 0x00007ffa28009000 	C:\WINDOWS\System32\combase.dll
0x00007ffa28010000 - 0x00007ffa280e7000 	C:\WINDOWS\System32\OLEAUT32.dll
0x00007ffa1c610000 - 0x00007ffa1c642000 	C:\WINDOWS\SYSTEM32\dbgcore.DLL
0x00007ffa26ad0000 - 0x00007ffa26b4b000 	C:\WINDOWS\System32\bcryptPrimitives.dll
0x00007ffa15b10000 - 0x00007ffa15b35000 	C:\Users\ImranMohd-Kairos\.p2\pool\plugins\org.eclipse.justj.openjdk.hotspot.jre.full.win32.x86_64_17.0.6.v20230204-1729\jre\bin\java.dll
0x00007ffa15af0000 - 0x00007ffa15b08000 	C:\Users\ImranMohd-Kairos\.p2\pool\plugins\org.eclipse.justj.openjdk.hotspot.jre.full.win32.x86_64_17.0.6.v20230204-1729\jre\bin\zip.dll
0x00007ffa28430000 - 0x00007ffa28c2a000 	C:\WINDOWS\System32\SHELL32.dll
0x00007ffa24830000 - 0x00007ffa250fe000 	C:\WINDOWS\SYSTEM32\windows.storage.dll
0x00007ffa246f0000 - 0x00007ffa2482e000 	C:\WINDOWS\SYSTEM32\wintypes.dll
0x00007ffa29060000 - 0x00007ffa29151000 	C:\WINDOWS\System32\SHCORE.dll
0x00007ffa28dd0000 - 0x00007ffa28e2e000 	C:\WINDOWS\System32\shlwapi.dll
0x00007ffa268e0000 - 0x00007ffa26901000 	C:\WINDOWS\SYSTEM32\profapi.dll
0x00007ffa14340000 - 0x00007ffa14359000 	C:\Users\ImranMohd-Kairos\.p2\pool\plugins\org.eclipse.justj.openjdk.hotspot.jre.full.win32.x86_64_17.0.6.v20230204-1729\jre\bin\net.dll
0x00007ffa25a20000 - 0x00007ffa25b57000 	C:\WINDOWS\SYSTEM32\WINHTTP.dll
0x00007ffa25fb0000 - 0x00007ffa26019000 	C:\WINDOWS\system32\mswsock.dll
0x00007ffa14320000 - 0x00007ffa14335000 	C:\Users\ImranMohd-Kairos\.p2\pool\plugins\org.eclipse.justj.openjdk.hotspot.jre.full.win32.x86_64_17.0.6.v20230204-1729\jre\bin\nio.dll
0x00007ffa25390000 - 0x00007ffa25483000 	C:\WINDOWS\SYSTEM32\DNSAPI.dll
0x00007ffa25360000 - 0x00007ffa2538d000 	C:\WINDOWS\SYSTEM32\IPHLPAPI.DLL
0x00007ffa28eb0000 - 0x00007ffa28eb9000 	C:\WINDOWS\System32\NSI.dll
0x00007ffa18860000 - 0x00007ffa1886a000 	C:\Windows\System32\rasadhlp.dll
0x00007ffa1a610000 - 0x00007ffa1a694000 	C:\WINDOWS\System32\fwpuclnt.dll
0x00007ffa26210000 - 0x00007ffa2622b000 	C:\WINDOWS\SYSTEM32\CRYPTSP.dll
0x00007ffa25970000 - 0x00007ffa259a5000 	C:\WINDOWS\system32\rsaenh.dll
0x00007ffa260b0000 - 0x00007ffa260d8000 	C:\WINDOWS\SYSTEM32\USERENV.dll
0x00007ffa26330000 - 0x00007ffa26358000 	C:\WINDOWS\SYSTEM32\bcrypt.dll
0x00007ffa26230000 - 0x00007ffa2623c000 	C:\WINDOWS\SYSTEM32\CRYPTBASE.dll
0x00007ffa1da50000 - 0x00007ffa1da69000 	C:\WINDOWS\SYSTEM32\dhcpcsvc6.DLL
0x00007ffa1d4d0000 - 0x00007ffa1d4ef000 	C:\WINDOWS\SYSTEM32\dhcpcsvc.DLL
0x00007ff9f9de0000 - 0x00007ff9f9df0000 	C:\Users\ImranMohd-Kairos\.p2\pool\plugins\org.eclipse.justj.openjdk.hotspot.jre.full.win32.x86_64_17.0.6.v20230204-1729\jre\bin\verify.dll
0x00007ffa0ac00000 - 0x00007ffa0ac0e000 	C:\Users\ImranMohd-Kairos\.p2\pool\plugins\org.eclipse.justj.openjdk.hotspot.jre.full.win32.x86_64_17.0.6.v20230204-1729\jre\bin\sunmscapi.dll
0x00007ffa26b50000 - 0x00007ffa26cb7000 	C:\WINDOWS\System32\CRYPT32.dll
0x00007ffa26300000 - 0x00007ffa2632e000 	C:\WINDOWS\SYSTEM32\ncrypt.dll
0x00007ffa262c0000 - 0x00007ffa262f7000 	C:\WINDOWS\SYSTEM32\NTASN1.dll
0x00007ffa1ead0000 - 0x00007ffa1ead9000 	C:\Users\ImranMohd-Kairos\.p2\pool\plugins\org.eclipse.justj.openjdk.hotspot.jre.full.win32.x86_64_17.0.6.v20230204-1729\jre\bin\management.dll
0x00007ffa1eac0000 - 0x00007ffa1eacb000 	C:\Users\ImranMohd-Kairos\.p2\pool\plugins\org.eclipse.justj.openjdk.hotspot.jre.full.win32.x86_64_17.0.6.v20230204-1729\jre\bin\management_ext.dll
0x00007ffa28ea0000 - 0x00007ffa28ea8000 	C:\WINDOWS\System32\PSAPI.DLL
0x00007ffa0efb0000 - 0x00007ffa0efb8000 	C:\WINDOWS\system32\wshunix.dll
0x00007ffa169c0000 - 0x00007ffa169d7000 	C:\WINDOWS\system32\napinsp.dll
0x00007ffa166c0000 - 0x00007ffa166db000 	C:\WINDOWS\system32\pnrpnsp.dll
0x00007ffa166a0000 - 0x00007ffa166b1000 	C:\WINDOWS\System32\winrnr.dll
0x00007ffa1a7b0000 - 0x00007ffa1a7c5000 	C:\WINDOWS\system32\wshbth.dll
0x00007ff9c1800000 - 0x00007ff9c1821000 	C:\WINDOWS\system32\nlansp_c.dll

dbghelp: loaded successfully - version: 4.0.5 - missing functions: none
symbol engine: initialized successfully - sym options: 0x614 - pdb path: .;C:\Users\ImranMohd-Kairos\.p2\pool\plugins\org.eclipse.justj.openjdk.hotspot.jre.full.win32.x86_64_17.0.6.v20230204-1729\jre\bin;C:\WINDOWS\SYSTEM32;C:\Program Files\Bitdefender\Endpoint Security\bdhkm\dlls_266184808945032704;C:\Program Files\Bitdefender\Endpoint Security\atcuf\dlls_266427389301354667;C:\WINDOWS\WinSxS\amd64_microsoft.windows.common-controls_6595b64144ccf1df_6.0.22621.1635_none_270f70857386168e;C:\Users\ImranMohd-Kairos\.p2\pool\plugins\org.eclipse.justj.openjdk.hotspot.jre.full.win32.x86_64_17.0.6.v20230204-1729\jre\bin\server

VM Arguments:
jvm_args: -ea -Dfile.encoding=UTF-8 -XX:+ShowCodeDetailsInExceptionMessages 
java_command: org.testng.remote.RemoteTestNG -serport 52049 -protocol json -d C:\Users\ImranMohd-Kairos\EclipseFolder\Hybridframework\test-output C:\Users\ImranMohd-Kairos\EclipseFolder\Hybridframework\testng.xml
java_class_path (initial): C:\Users\ImranMohd-Kairos\eclipse\java-2022-12\eclipse\configuration\org.eclipse.osgi\438\0\.cp\lib\testng-remote.jar;C:\Users\ImranMohd-Kairos\EclipseFolder\Hybridframework\target\test-classes;C:\Users\ImranMohd-Kairos\EclipseFolder\Hybridframework\target\classes;C:\Users\ImranMohd-Kairos\.p2\pool\plugins\org.testng_7.4.0.r202105021533.jar;C:\Users\ImranMohd-Kairos\.p2\pool\plugins\com.beust.jcommander_1.78.0.jar;C:\Users\ImranMohd-Kairos\.p2\pool\plugins\org.apache-extras.beanshell.bsh_2.0.0.b6.jar;C:\Users\ImranMohd-Kairos\.p2\pool\plugins\org.yaml.snakeyaml_1.27.0.v20221112-0806.jar;C:\Users\ImranMohd-Kairos\.p2\pool\plugins\org.webjars.jquery_3.5.1.jar;C:\Users\ImranMohd-Kairos\.m2\repository\org\seleniumhq\selenium\selenium-java\4.8.3\selenium-java-4.8.3.jar;C:\Users\ImranMohd-Kairos\.m2\repository\org\seleniumhq\selenium\selenium-api\4.8.3\selenium-api-4.8.3.jar;C:\Users\ImranMohd-Kairos\.m2\repository\org\seleniumhq\selenium\selenium-chrome-driver\4.8.3\selenium-chrome-driver-4.8.3.jar;C:\Users\ImranMohd-Kairos\.m2\repository\com\google\auto\service\auto-service-annotations\1.0.1\auto-service-annotations-1.0.1.jar;C:\Users\ImranMohd-Kairos\.m2\repository\com\google\auto\service\auto-service\1.0.1\auto-service-1.0.1.jar;C:\Users\ImranMohd-Kairos\.m2\repository\com\google\auto\auto-common\1.2\auto-common-1.2.jar;C:\Users\ImranMohd-Kairos\.m2\repository\com\google\guava\guava\31.1-jre\guava-31.1-jre.jar;C:\Users\ImranMohd-Kairos\.m2\repository\com\google\guava\failureaccess\1.0.1\failureaccess-1.0.1.jar;C:\Users\ImranMohd-Kairos\.m2\repository\com\google\guava\listenablefuture\9999.0-empty-to-avoid-conflict-with-guava\listenablefuture-9999.0-empty-to-avoid-conflict-with-guava.jar;C:\Users\ImranMohd-Kairos\.m2\repository\com\google\code\findbugs\jsr305\3.0.2\jsr305-3.0.2.jar;C:\Users\ImranMohd-Kairos\.m2\repository\org\checkerframework\checker-qual\3.12.0\checker-qual-3.12.0.jar;C:\Users\ImranMohd-Kairos\.m2\repository\com\google\err
Launcher Type: SUN_STANDARD

[Global flags]
     intx CICompilerCount                          = 4                                         {product} {ergonomic}
     uint ConcGCThreads                            = 2                                         {product} {ergonomic}
     uint G1ConcRefinementThreads                  = 8                                         {product} {ergonomic}
   size_t G1HeapRegionSize                         = 2097152                                   {product} {ergonomic}
    uintx GCDrainStackTargetSize                   = 64                                        {product} {ergonomic}
   size_t InitialHeapSize                          = 264241152                                 {product} {ergonomic}
   size_t MarkStackSize                            = 4194304                                   {product} {ergonomic}
   size_t MaxHeapSize                              = 4217372672                                {product} {ergonomic}
   size_t MaxNewSize                               = 2529165312                                {product} {ergonomic}
   size_t MinHeapDeltaBytes                        = 2097152                                   {product} {ergonomic}
   size_t MinHeapSize                              = 8388608                                   {product} {ergonomic}
    uintx NonNMethodCodeHeapSize                   = 5839372                                {pd product} {ergonomic}
    uintx NonProfiledCodeHeapSize                  = 122909434                              {pd product} {ergonomic}
    uintx ProfiledCodeHeapSize                     = 122909434                              {pd product} {ergonomic}
    uintx ReservedCodeCacheSize                    = 251658240                              {pd product} {ergonomic}
     bool SegmentedCodeCache                       = true                                      {product} {ergonomic}
     bool ShowCodeDetailsInExceptionMessages       = true                                   {manageable} {command line}
   size_t SoftMaxHeapSize                          = 4217372672                             {manageable} {ergonomic}
     bool UseCompressedClassPointers               = true                           {product lp64_product} {ergonomic}
     bool UseCompressedOops                        = true                           {product lp64_product} {ergonomic}
     bool UseG1GC                                  = true                                      {product} {ergonomic}
     bool UseLargePagesIndividualAllocation        = false                                  {pd product} {ergonomic}

Logging:
Log output configuration:
 #0: stdout all=warning uptime,level,tags
 #1: stderr all=off uptime,level,tags

Environment Variables:
JAVA_HOME=C:\Program Files\Java\jdk-11
PATH=C:/Users/ImranMohd-Kairos/.p2/pool/plugins/org.eclipse.justj.openjdk.hotspot.jre.full.win32.x86_64_17.0.6.v20230204-1729/jre/bin/server;C:/Users/ImranMohd-Kairos/.p2/pool/plugins/org.eclipse.justj.openjdk.hotspot.jre.full.win32.x86_64_17.0.6.v20230204-1729/jre/bin;C:\Program Files\Common Files\Oracle\Java\javapath;C:\WINDOWS\system32;C:\WINDOWS;C:\WINDOWS\System32\Wbem;C:\WINDOWS\System32\WindowsPowerShell\v1.0\;C:\WINDOWS\System32\OpenSSH\;C:\Program Files\Java\jdk-11\bin;C:\Program Files\Java\jdk-11\bin;C:\Program Files\Common Files\Oracle\Java\javapath;C:\Users\ImranMohd-Kairos\AppData\Local\Microsoft\WindowsApps;;C:\Program Files\JetBrains\IntelliJ IDEA 2023.1\bin;;C:\Program Files\JetBrains\IntelliJ IDEA Community Edition 2023.1\bin;;C:\Users\ImranMohd-Kairos\Desktop;
USERNAME=ImranMohd-Kairos
OS=Windows_NT
PROCESSOR_IDENTIFIER=Intel64 Family 6 Model 140 Stepping 1, GenuineIntel
TMP=C:\Users\IMRANM~1\AppData\Local\Temp
TEMP=C:\Users\IMRANM~1\AppData\Local\Temp



---------------  S Y S T E M  ---------------

OS:
 Windows 11 , 64 bit Build 22621 (10.0.22621.1635)
OS uptime: 7 days 15:04 hours

CPU: total 8 (initial active 8) (4 cores per cpu, 2 threads per core) family 6 model 140 stepping 1 microcode 0x86, cx8, cmov, fxsr, ht, mmx, 3dnowpref, sse, sse2, sse3, ssse3, sse4.1, sse4.2, popcnt, lzcnt, tsc, tscinvbit, avx, avx2, aes, erms, clmul, bmi1, bmi2, adx, avx512f, avx512dq, avx512cd, avx512bw, avx512vl, sha, fma, vzeroupper, avx512_vpopcntdq, avx512_vpclmulqdq, avx512_vaes, avx512_vnni, clflush, clflushopt, clwb, avx512_vbmi2, avx512_vbmi

Memory: 4k page, system-wide physical 16086M (7984M free)
TotalPageFile size 18518M (AvailPageFile size 9391M)
current process WorkingSet (physical memory assigned to process): 184M, peak: 285M
current process commit charge ("private bytes"): 214M, peak: 398M

vm_info: OpenJDK 64-Bit Server VM (17.0.6+10) for windows-amd64 JRE (17.0.6+10), built on Jan 18 2023 10:08:59 by "temurin" with MS VC++ 16.7 (VS2019)

END.
